Copyright 1986-2017 Xilinx, Inc. All Rights Reserved.
------------------------------------------------------------------------------------------------------------------------------------------------------------------
| Tool Version : Vivado v.2017.1 (lin64) Build 1846317 Fri Apr 14 18:54:47 MDT 2017
| Date         : Mon Sep 16 18:39:54 2019
| Host         : mcarr running 64-bit Ubuntu 16.04.6 LTS
| Command      : report_drc -file base_zynq_design_wrapper_drc_routed.rpt -pb base_zynq_design_wrapper_drc_routed.pb -rpx base_zynq_design_wrapper_drc_routed.rpx
| Design       : base_zynq_design_wrapper
| Device       : xc7z045ffg900-2
| Speed File   : -2
| Design State : Routed
------------------------------------------------------------------------------------------------------------------------------------------------------------------

Report DRC

Table of Contents
-----------------
1. REPORT SUMMARY
2. REPORT DETAILS

1. REPORT SUMMARY
-----------------
            Netlist: netlist
          Floorplan: design_1
      Design limits: <entire design considered>
           Ruledeck: default
             Max violations: <unlimited>
             Violations found: 43
+-----------+----------+----------------------------+------------+
| Rule      | Severity | Description                | Violations |
+-----------+----------+----------------------------+------------+
| CHECK-3   | Warning  | Report rule limit reached  | 2          |
| REQP-1839 | Warning  | RAMB36 async control check | 20         |
| REQP-1840 | Warning  | RAMB18 async control check | 20         |
| RTSTAT-10 | Warning  | No routable loads          | 1          |
+-----------+----------+----------------------------+------------+

2. REPORT DETAILS
-----------------
CHECK-3#1 Warning
Report rule limit reached  
REQP-1839 rule limit reached: 20 violations have been found.
Related violations: <none>

CHECK-3#2 Warning
Report rule limit reached  
REQP-1840 rule limit reached: 20 violations have been found.
Related violations: <none>

REQP-1839#1 Warning
RAMB36 async control check  
The RAMB36E1 base_zynq_design_i/nuraghe_soc_1/inst/core_data_memory_i/mem_i/U0/inst_blk_mem_gen/gnativebmg.native_blk_mem_gen/valid.cstr/ramloop[0].ram.r/prim_noinit.ram/DEVICE_7SERIES.NO_BMM_INFO.TRUE_DP.SIMPLE_PRIM36.ram has an input control pin base_zynq_design_i/nuraghe_soc_1/inst/core_data_memory_i/mem_i/U0/inst_blk_mem_gen/gnativebmg.native_blk_mem_gen/valid.cstr/ramloop[0].ram.r/prim_noinit.ram/DEVICE_7SERIES.NO_BMM_INFO.TRUE_DP.SIMPLE_PRIM36.ram/ADDRARDADDR[13] (net: base_zynq_design_i/nuraghe_soc_1/inst/core_data_memory_i/mem_i/U0/inst_blk_mem_gen/gnativebmg.native_blk_mem_gen/valid.cstr/ramloop[0].ram.r/prim_noinit.ram/addra[10]) which is driven by a register (base_zynq_design_i/nuraghe_soc_1/inst/axi2per_datamem_i/axi2per_i/aw_buffer_i/buffer_i/buffer_reg[1][28]) that has an active asychronous set or reset. This may cause corruption of the memory contents and/or read values when the set/reset is asserted and is not analyzed by the default static timing analysis. It is suggested to eliminate the use of a set/reset to registers driving this RAMB pin or else use a synchronous reset in which the assertion of the reset is timed by default.
Related violations: <none>

REQP-1839#2 Warning
RAMB36 async control check  
The RAMB36E1 base_zynq_design_i/nuraghe_soc_1/inst/core_data_memory_i/mem_i/U0/inst_blk_mem_gen/gnativebmg.native_blk_mem_gen/valid.cstr/ramloop[0].ram.r/prim_noinit.ram/DEVICE_7SERIES.NO_BMM_INFO.TRUE_DP.SIMPLE_PRIM36.ram has an input control pin base_zynq_design_i/nuraghe_soc_1/inst/core_data_memory_i/mem_i/U0/inst_blk_mem_gen/gnativebmg.native_blk_mem_gen/valid.cstr/ramloop[0].ram.r/prim_noinit.ram/DEVICE_7SERIES.NO_BMM_INFO.TRUE_DP.SIMPLE_PRIM36.ram/ADDRARDADDR[13] (net: base_zynq_design_i/nuraghe_soc_1/inst/core_data_memory_i/mem_i/U0/inst_blk_mem_gen/gnativebmg.native_blk_mem_gen/valid.cstr/ramloop[0].ram.r/prim_noinit.ram/addra[10]) which is driven by a register (base_zynq_design_i/nuraghe_soc_1/inst/axi2per_datamem_i/axi2per_i/aw_buffer_i/buffer_i/elements_reg[0]) that has an active asychronous set or reset. This may cause corruption of the memory contents and/or read values when the set/reset is asserted and is not analyzed by the default static timing analysis. It is suggested to eliminate the use of a set/reset to registers driving this RAMB pin or else use a synchronous reset in which the assertion of the reset is timed by default.
Related violations: <none>

REQP-1839#3 Warning
RAMB36 async control check  
The RAMB36E1 base_zynq_design_i/nuraghe_soc_1/inst/core_data_memory_i/mem_i/U0/inst_blk_mem_gen/gnativebmg.native_blk_mem_gen/valid.cstr/ramloop[0].ram.r/prim_noinit.ram/DEVICE_7SERIES.NO_BMM_INFO.TRUE_DP.SIMPLE_PRIM36.ram has an input control pin base_zynq_design_i/nuraghe_soc_1/inst/core_data_memory_i/mem_i/U0/inst_blk_mem_gen/gnativebmg.native_blk_mem_gen/valid.cstr/ramloop[0].ram.r/prim_noinit.ram/DEVICE_7SERIES.NO_BMM_INFO.TRUE_DP.SIMPLE_PRIM36.ram/ADDRARDADDR[13] (net: base_zynq_design_i/nuraghe_soc_1/inst/core_data_memory_i/mem_i/U0/inst_blk_mem_gen/gnativebmg.native_blk_mem_gen/valid.cstr/ramloop[0].ram.r/prim_noinit.ram/addra[10]) which is driven by a register (base_zynq_design_i/nuraghe_soc_1/inst/axi2per_datamem_i/axi2per_i/aw_buffer_i/buffer_i/elements_reg[1]) that has an active asychronous set or reset. This may cause corruption of the memory contents and/or read values when the set/reset is asserted and is not analyzed by the default static timing analysis. It is suggested to eliminate the use of a set/reset to registers driving this RAMB pin or else use a synchronous reset in which the assertion of the reset is timed by default.
Related violations: <none>

REQP-1839#4 Warning
RAMB36 async control check  
The RAMB36E1 base_zynq_design_i/nuraghe_soc_1/inst/core_data_memory_i/mem_i/U0/inst_blk_mem_gen/gnativebmg.native_blk_mem_gen/valid.cstr/ramloop[0].ram.r/prim_noinit.ram/DEVICE_7SERIES.NO_BMM_INFO.TRUE_DP.SIMPLE_PRIM36.ram has an input control pin base_zynq_design_i/nuraghe_soc_1/inst/core_data_memory_i/mem_i/U0/inst_blk_mem_gen/gnativebmg.native_blk_mem_gen/valid.cstr/ramloop[0].ram.r/prim_noinit.ram/DEVICE_7SERIES.NO_BMM_INFO.TRUE_DP.SIMPLE_PRIM36.ram/ADDRARDADDR[13] (net: base_zynq_design_i/nuraghe_soc_1/inst/core_data_memory_i/mem_i/U0/inst_blk_mem_gen/gnativebmg.native_blk_mem_gen/valid.cstr/ramloop[0].ram.r/prim_noinit.ram/addra[10]) which is driven by a register (base_zynq_design_i/nuraghe_soc_1/inst/axi2per_datamem_i/axi2per_i/aw_buffer_i/buffer_i/pointer_out_reg[0]) that has an active asychronous set or reset. This may cause corruption of the memory contents and/or read values when the set/reset is asserted and is not analyzed by the default static timing analysis. It is suggested to eliminate the use of a set/reset to registers driving this RAMB pin or else use a synchronous reset in which the assertion of the reset is timed by default.
Related violations: <none>

REQP-1839#5 Warning
RAMB36 async control check  
The RAMB36E1 base_zynq_design_i/nuraghe_soc_1/inst/core_data_memory_i/mem_i/U0/inst_blk_mem_gen/gnativebmg.native_blk_mem_gen/valid.cstr/ramloop[0].ram.r/prim_noinit.ram/DEVICE_7SERIES.NO_BMM_INFO.TRUE_DP.SIMPLE_PRIM36.ram has an input control pin base_zynq_design_i/nuraghe_soc_1/inst/core_data_memory_i/mem_i/U0/inst_blk_mem_gen/gnativebmg.native_blk_mem_gen/valid.cstr/ramloop[0].ram.r/prim_noinit.ram/DEVICE_7SERIES.NO_BMM_INFO.TRUE_DP.SIMPLE_PRIM36.ram/ADDRARDADDR[13] (net: base_zynq_design_i/nuraghe_soc_1/inst/core_data_memory_i/mem_i/U0/inst_blk_mem_gen/gnativebmg.native_blk_mem_gen/valid.cstr/ramloop[0].ram.r/prim_noinit.ram/addra[10]) which is driven by a register (base_zynq_design_i/nuraghe_soc_1/inst/axi2per_datamem_i/axi2per_i/req_channel_i/CS_reg[0]) that has an active asychronous set or reset. This may cause corruption of the memory contents and/or read values when the set/reset is asserted and is not analyzed by the default static timing analysis. It is suggested to eliminate the use of a set/reset to registers driving this RAMB pin or else use a synchronous reset in which the assertion of the reset is timed by default.
Related violations: <none>

REQP-1839#6 Warning
RAMB36 async control check  
The RAMB36E1 base_zynq_design_i/nuraghe_soc_1/inst/core_data_memory_i/mem_i/U0/inst_blk_mem_gen/gnativebmg.native_blk_mem_gen/valid.cstr/ramloop[0].ram.r/prim_noinit.ram/DEVICE_7SERIES.NO_BMM_INFO.TRUE_DP.SIMPLE_PRIM36.ram has an input control pin base_zynq_design_i/nuraghe_soc_1/inst/core_data_memory_i/mem_i/U0/inst_blk_mem_gen/gnativebmg.native_blk_mem_gen/valid.cstr/ramloop[0].ram.r/prim_noinit.ram/DEVICE_7SERIES.NO_BMM_INFO.TRUE_DP.SIMPLE_PRIM36.ram/ADDRARDADDR[13] (net: base_zynq_design_i/nuraghe_soc_1/inst/core_data_memory_i/mem_i/U0/inst_blk_mem_gen/gnativebmg.native_blk_mem_gen/valid.cstr/ramloop[0].ram.r/prim_noinit.ram/addra[10]) which is driven by a register (base_zynq_design_i/nuraghe_soc_1/inst/axi2per_datamem_i/axi2per_i/w_buffer_i/buffer_i/elements_reg[0]) that has an active asychronous set or reset. This may cause corruption of the memory contents and/or read values when the set/reset is asserted and is not analyzed by the default static timing analysis. It is suggested to eliminate the use of a set/reset to registers driving this RAMB pin or else use a synchronous reset in which the assertion of the reset is timed by default.
Related violations: <none>

REQP-1839#7 Warning
RAMB36 async control check  
The RAMB36E1 base_zynq_design_i/nuraghe_soc_1/inst/core_data_memory_i/mem_i/U0/inst_blk_mem_gen/gnativebmg.native_blk_mem_gen/valid.cstr/ramloop[0].ram.r/prim_noinit.ram/DEVICE_7SERIES.NO_BMM_INFO.TRUE_DP.SIMPLE_PRIM36.ram has an input control pin base_zynq_design_i/nuraghe_soc_1/inst/core_data_memory_i/mem_i/U0/inst_blk_mem_gen/gnativebmg.native_blk_mem_gen/valid.cstr/ramloop[0].ram.r/prim_noinit.ram/DEVICE_7SERIES.NO_BMM_INFO.TRUE_DP.SIMPLE_PRIM36.ram/ADDRARDADDR[13] (net: base_zynq_design_i/nuraghe_soc_1/inst/core_data_memory_i/mem_i/U0/inst_blk_mem_gen/gnativebmg.native_blk_mem_gen/valid.cstr/ramloop[0].ram.r/prim_noinit.ram/addra[10]) which is driven by a register (base_zynq_design_i/nuraghe_soc_1/inst/axi2per_datamem_i/axi2per_i/w_buffer_i/buffer_i/elements_reg[1]) that has an active asychronous set or reset. This may cause corruption of the memory contents and/or read values when the set/reset is asserted and is not analyzed by the default static timing analysis. It is suggested to eliminate the use of a set/reset to registers driving this RAMB pin or else use a synchronous reset in which the assertion of the reset is timed by default.
Related violations: <none>

REQP-1839#8 Warning
RAMB36 async control check  
The RAMB36E1 base_zynq_design_i/nuraghe_soc_1/inst/core_data_memory_i/mem_i/U0/inst_blk_mem_gen/gnativebmg.native_blk_mem_gen/valid.cstr/ramloop[0].ram.r/prim_noinit.ram/DEVICE_7SERIES.NO_BMM_INFO.TRUE_DP.SIMPLE_PRIM36.ram has an input control pin base_zynq_design_i/nuraghe_soc_1/inst/core_data_memory_i/mem_i/U0/inst_blk_mem_gen/gnativebmg.native_blk_mem_gen/valid.cstr/ramloop[0].ram.r/prim_noinit.ram/DEVICE_7SERIES.NO_BMM_INFO.TRUE_DP.SIMPLE_PRIM36.ram/ADDRARDADDR[14] (net: base_zynq_design_i/nuraghe_soc_1/inst/core_data_memory_i/mem_i/U0/inst_blk_mem_gen/gnativebmg.native_blk_mem_gen/valid.cstr/ramloop[0].ram.r/prim_noinit.ram/addra[11]) which is driven by a register (base_zynq_design_i/nuraghe_soc_1/inst/axi2per_datamem_i/axi2per_i/ar_buffer_i/buffer_i/buffer_reg[0][29]) that has an active asychronous set or reset. This may cause corruption of the memory contents and/or read values when the set/reset is asserted and is not analyzed by the default static timing analysis. It is suggested to eliminate the use of a set/reset to registers driving this RAMB pin or else use a synchronous reset in which the assertion of the reset is timed by default.
Related violations: <none>

REQP-1839#9 Warning
RAMB36 async control check  
The RAMB36E1 base_zynq_design_i/nuraghe_soc_1/inst/core_data_memory_i/mem_i/U0/inst_blk_mem_gen/gnativebmg.native_blk_mem_gen/valid.cstr/ramloop[0].ram.r/prim_noinit.ram/DEVICE_7SERIES.NO_BMM_INFO.TRUE_DP.SIMPLE_PRIM36.ram has an input control pin base_zynq_design_i/nuraghe_soc_1/inst/core_data_memory_i/mem_i/U0/inst_blk_mem_gen/gnativebmg.native_blk_mem_gen/valid.cstr/ramloop[0].ram.r/prim_noinit.ram/DEVICE_7SERIES.NO_BMM_INFO.TRUE_DP.SIMPLE_PRIM36.ram/ADDRARDADDR[14] (net: base_zynq_design_i/nuraghe_soc_1/inst/core_data_memory_i/mem_i/U0/inst_blk_mem_gen/gnativebmg.native_blk_mem_gen/valid.cstr/ramloop[0].ram.r/prim_noinit.ram/addra[11]) which is driven by a register (base_zynq_design_i/nuraghe_soc_1/inst/axi2per_datamem_i/axi2per_i/ar_buffer_i/buffer_i/buffer_reg[1][29]) that has an active asychronous set or reset. This may cause corruption of the memory contents and/or read values when the set/reset is asserted and is not analyzed by the default static timing analysis. It is suggested to eliminate the use of a set/reset to registers driving this RAMB pin or else use a synchronous reset in which the assertion of the reset is timed by default.
Related violations: <none>

REQP-1839#10 Warning
RAMB36 async control check  
The RAMB36E1 base_zynq_design_i/nuraghe_soc_1/inst/core_data_memory_i/mem_i/U0/inst_blk_mem_gen/gnativebmg.native_blk_mem_gen/valid.cstr/ramloop[0].ram.r/prim_noinit.ram/DEVICE_7SERIES.NO_BMM_INFO.TRUE_DP.SIMPLE_PRIM36.ram has an input control pin base_zynq_design_i/nuraghe_soc_1/inst/core_data_memory_i/mem_i/U0/inst_blk_mem_gen/gnativebmg.native_blk_mem_gen/valid.cstr/ramloop[0].ram.r/prim_noinit.ram/DEVICE_7SERIES.NO_BMM_INFO.TRUE_DP.SIMPLE_PRIM36.ram/ADDRARDADDR[14] (net: base_zynq_design_i/nuraghe_soc_1/inst/core_data_memory_i/mem_i/U0/inst_blk_mem_gen/gnativebmg.native_blk_mem_gen/valid.cstr/ramloop[0].ram.r/prim_noinit.ram/addra[11]) which is driven by a register (base_zynq_design_i/nuraghe_soc_1/inst/axi2per_datamem_i/axi2per_i/ar_buffer_i/buffer_i/elements_reg[0]) that has an active asychronous set or reset. This may cause corruption of the memory contents and/or read values when the set/reset is asserted and is not analyzed by the default static timing analysis. It is suggested to eliminate the use of a set/reset to registers driving this RAMB pin or else use a synchronous reset in which the assertion of the reset is timed by default.
Related violations: <none>

REQP-1839#11 Warning
RAMB36 async control check  
The RAMB36E1 base_zynq_design_i/nuraghe_soc_1/inst/core_data_memory_i/mem_i/U0/inst_blk_mem_gen/gnativebmg.native_blk_mem_gen/valid.cstr/ramloop[0].ram.r/prim_noinit.ram/DEVICE_7SERIES.NO_BMM_INFO.TRUE_DP.SIMPLE_PRIM36.ram has an input control pin base_zynq_design_i/nuraghe_soc_1/inst/core_data_memory_i/mem_i/U0/inst_blk_mem_gen/gnativebmg.native_blk_mem_gen/valid.cstr/ramloop[0].ram.r/prim_noinit.ram/DEVICE_7SERIES.NO_BMM_INFO.TRUE_DP.SIMPLE_PRIM36.ram/ADDRARDADDR[14] (net: base_zynq_design_i/nuraghe_soc_1/inst/core_data_memory_i/mem_i/U0/inst_blk_mem_gen/gnativebmg.native_blk_mem_gen/valid.cstr/ramloop[0].ram.r/prim_noinit.ram/addra[11]) which is driven by a register (base_zynq_design_i/nuraghe_soc_1/inst/axi2per_datamem_i/axi2per_i/ar_buffer_i/buffer_i/elements_reg[1]) that has an active asychronous set or reset. This may cause corruption of the memory contents and/or read values when the set/reset is asserted and is not analyzed by the default static timing analysis. It is suggested to eliminate the use of a set/reset to registers driving this RAMB pin or else use a synchronous reset in which the assertion of the reset is timed by default.
Related violations: <none>

REQP-1839#12 Warning
RAMB36 async control check  
The RAMB36E1 base_zynq_design_i/nuraghe_soc_1/inst/core_data_memory_i/mem_i/U0/inst_blk_mem_gen/gnativebmg.native_blk_mem_gen/valid.cstr/ramloop[0].ram.r/prim_noinit.ram/DEVICE_7SERIES.NO_BMM_INFO.TRUE_DP.SIMPLE_PRIM36.ram has an input control pin base_zynq_design_i/nuraghe_soc_1/inst/core_data_memory_i/mem_i/U0/inst_blk_mem_gen/gnativebmg.native_blk_mem_gen/valid.cstr/ramloop[0].ram.r/prim_noinit.ram/DEVICE_7SERIES.NO_BMM_INFO.TRUE_DP.SIMPLE_PRIM36.ram/ADDRARDADDR[14] (net: base_zynq_design_i/nuraghe_soc_1/inst/core_data_memory_i/mem_i/U0/inst_blk_mem_gen/gnativebmg.native_blk_mem_gen/valid.cstr/ramloop[0].ram.r/prim_noinit.ram/addra[11]) which is driven by a register (base_zynq_design_i/nuraghe_soc_1/inst/axi2per_datamem_i/axi2per_i/ar_buffer_i/buffer_i/pointer_out_reg[0]) that has an active asychronous set or reset. This may cause corruption of the memory contents and/or read values when the set/reset is asserted and is not analyzed by the default static timing analysis. It is suggested to eliminate the use of a set/reset to registers driving this RAMB pin or else use a synchronous reset in which the assertion of the reset is timed by default.
Related violations: <none>

REQP-1839#13 Warning
RAMB36 async control check  
The RAMB36E1 base_zynq_design_i/nuraghe_soc_1/inst/core_data_memory_i/mem_i/U0/inst_blk_mem_gen/gnativebmg.native_blk_mem_gen/valid.cstr/ramloop[0].ram.r/prim_noinit.ram/DEVICE_7SERIES.NO_BMM_INFO.TRUE_DP.SIMPLE_PRIM36.ram has an input control pin base_zynq_design_i/nuraghe_soc_1/inst/core_data_memory_i/mem_i/U0/inst_blk_mem_gen/gnativebmg.native_blk_mem_gen/valid.cstr/ramloop[0].ram.r/prim_noinit.ram/DEVICE_7SERIES.NO_BMM_INFO.TRUE_DP.SIMPLE_PRIM36.ram/ADDRARDADDR[14] (net: base_zynq_design_i/nuraghe_soc_1/inst/core_data_memory_i/mem_i/U0/inst_blk_mem_gen/gnativebmg.native_blk_mem_gen/valid.cstr/ramloop[0].ram.r/prim_noinit.ram/addra[11]) which is driven by a register (base_zynq_design_i/nuraghe_soc_1/inst/axi2per_datamem_i/axi2per_i/aw_buffer_i/buffer_i/buffer_reg[0][29]) that has an active asychronous set or reset. This may cause corruption of the memory contents and/or read values when the set/reset is asserted and is not analyzed by the default static timing analysis. It is suggested to eliminate the use of a set/reset to registers driving this RAMB pin or else use a synchronous reset in which the assertion of the reset is timed by default.
Related violations: <none>

REQP-1839#14 Warning
RAMB36 async control check  
The RAMB36E1 base_zynq_design_i/nuraghe_soc_1/inst/core_data_memory_i/mem_i/U0/inst_blk_mem_gen/gnativebmg.native_blk_mem_gen/valid.cstr/ramloop[0].ram.r/prim_noinit.ram/DEVICE_7SERIES.NO_BMM_INFO.TRUE_DP.SIMPLE_PRIM36.ram has an input control pin base_zynq_design_i/nuraghe_soc_1/inst/core_data_memory_i/mem_i/U0/inst_blk_mem_gen/gnativebmg.native_blk_mem_gen/valid.cstr/ramloop[0].ram.r/prim_noinit.ram/DEVICE_7SERIES.NO_BMM_INFO.TRUE_DP.SIMPLE_PRIM36.ram/ADDRARDADDR[14] (net: base_zynq_design_i/nuraghe_soc_1/inst/core_data_memory_i/mem_i/U0/inst_blk_mem_gen/gnativebmg.native_blk_mem_gen/valid.cstr/ramloop[0].ram.r/prim_noinit.ram/addra[11]) which is driven by a register (base_zynq_design_i/nuraghe_soc_1/inst/axi2per_datamem_i/axi2per_i/aw_buffer_i/buffer_i/buffer_reg[1][29]) that has an active asychronous set or reset. This may cause corruption of the memory contents and/or read values when the set/reset is asserted and is not analyzed by the default static timing analysis. It is suggested to eliminate the use of a set/reset to registers driving this RAMB pin or else use a synchronous reset in which the assertion of the reset is timed by default.
Related violations: <none>

REQP-1839#15 Warning
RAMB36 async control check  
The RAMB36E1 base_zynq_design_i/nuraghe_soc_1/inst/core_data_memory_i/mem_i/U0/inst_blk_mem_gen/gnativebmg.native_blk_mem_gen/valid.cstr/ramloop[0].ram.r/prim_noinit.ram/DEVICE_7SERIES.NO_BMM_INFO.TRUE_DP.SIMPLE_PRIM36.ram has an input control pin base_zynq_design_i/nuraghe_soc_1/inst/core_data_memory_i/mem_i/U0/inst_blk_mem_gen/gnativebmg.native_blk_mem_gen/valid.cstr/ramloop[0].ram.r/prim_noinit.ram/DEVICE_7SERIES.NO_BMM_INFO.TRUE_DP.SIMPLE_PRIM36.ram/ADDRARDADDR[14] (net: base_zynq_design_i/nuraghe_soc_1/inst/core_data_memory_i/mem_i/U0/inst_blk_mem_gen/gnativebmg.native_blk_mem_gen/valid.cstr/ramloop[0].ram.r/prim_noinit.ram/addra[11]) which is driven by a register (base_zynq_design_i/nuraghe_soc_1/inst/axi2per_datamem_i/axi2per_i/aw_buffer_i/buffer_i/elements_reg[0]) that has an active asychronous set or reset. This may cause corruption of the memory contents and/or read values when the set/reset is asserted and is not analyzed by the default static timing analysis. It is suggested to eliminate the use of a set/reset to registers driving this RAMB pin or else use a synchronous reset in which the assertion of the reset is timed by default.
Related violations: <none>

REQP-1839#16 Warning
RAMB36 async control check  
The RAMB36E1 base_zynq_design_i/nuraghe_soc_1/inst/core_data_memory_i/mem_i/U0/inst_blk_mem_gen/gnativebmg.native_blk_mem_gen/valid.cstr/ramloop[0].ram.r/prim_noinit.ram/DEVICE_7SERIES.NO_BMM_INFO.TRUE_DP.SIMPLE_PRIM36.ram has an input control pin base_zynq_design_i/nuraghe_soc_1/inst/core_data_memory_i/mem_i/U0/inst_blk_mem_gen/gnativebmg.native_blk_mem_gen/valid.cstr/ramloop[0].ram.r/prim_noinit.ram/DEVICE_7SERIES.NO_BMM_INFO.TRUE_DP.SIMPLE_PRIM36.ram/ADDRARDADDR[14] (net: base_zynq_design_i/nuraghe_soc_1/inst/core_data_memory_i/mem_i/U0/inst_blk_mem_gen/gnativebmg.native_blk_mem_gen/valid.cstr/ramloop[0].ram.r/prim_noinit.ram/addra[11]) which is driven by a register (base_zynq_design_i/nuraghe_soc_1/inst/axi2per_datamem_i/axi2per_i/aw_buffer_i/buffer_i/elements_reg[1]) that has an active asychronous set or reset. This may cause corruption of the memory contents and/or read values when the set/reset is asserted and is not analyzed by the default static timing analysis. It is suggested to eliminate the use of a set/reset to registers driving this RAMB pin or else use a synchronous reset in which the assertion of the reset is timed by default.
Related violations: <none>

REQP-1839#17 Warning
RAMB36 async control check  
The RAMB36E1 base_zynq_design_i/nuraghe_soc_1/inst/core_data_memory_i/mem_i/U0/inst_blk_mem_gen/gnativebmg.native_blk_mem_gen/valid.cstr/ramloop[0].ram.r/prim_noinit.ram/DEVICE_7SERIES.NO_BMM_INFO.TRUE_DP.SIMPLE_PRIM36.ram has an input control pin base_zynq_design_i/nuraghe_soc_1/inst/core_data_memory_i/mem_i/U0/inst_blk_mem_gen/gnativebmg.native_blk_mem_gen/valid.cstr/ramloop[0].ram.r/prim_noinit.ram/DEVICE_7SERIES.NO_BMM_INFO.TRUE_DP.SIMPLE_PRIM36.ram/ADDRARDADDR[14] (net: base_zynq_design_i/nuraghe_soc_1/inst/core_data_memory_i/mem_i/U0/inst_blk_mem_gen/gnativebmg.native_blk_mem_gen/valid.cstr/ramloop[0].ram.r/prim_noinit.ram/addra[11]) which is driven by a register (base_zynq_design_i/nuraghe_soc_1/inst/axi2per_datamem_i/axi2per_i/aw_buffer_i/buffer_i/pointer_out_reg[0]) that has an active asychronous set or reset. This may cause corruption of the memory contents and/or read values when the set/reset is asserted and is not analyzed by the default static timing analysis. It is suggested to eliminate the use of a set/reset to registers driving this RAMB pin or else use a synchronous reset in which the assertion of the reset is timed by default.
Related violations: <none>

REQP-1839#18 Warning
RAMB36 async control check  
The RAMB36E1 base_zynq_design_i/nuraghe_soc_1/inst/core_data_memory_i/mem_i/U0/inst_blk_mem_gen/gnativebmg.native_blk_mem_gen/valid.cstr/ramloop[0].ram.r/prim_noinit.ram/DEVICE_7SERIES.NO_BMM_INFO.TRUE_DP.SIMPLE_PRIM36.ram has an input control pin base_zynq_design_i/nuraghe_soc_1/inst/core_data_memory_i/mem_i/U0/inst_blk_mem_gen/gnativebmg.native_blk_mem_gen/valid.cstr/ramloop[0].ram.r/prim_noinit.ram/DEVICE_7SERIES.NO_BMM_INFO.TRUE_DP.SIMPLE_PRIM36.ram/ADDRARDADDR[14] (net: base_zynq_design_i/nuraghe_soc_1/inst/core_data_memory_i/mem_i/U0/inst_blk_mem_gen/gnativebmg.native_blk_mem_gen/valid.cstr/ramloop[0].ram.r/prim_noinit.ram/addra[11]) which is driven by a register (base_zynq_design_i/nuraghe_soc_1/inst/axi2per_datamem_i/axi2per_i/req_channel_i/CS_reg[0]) that has an active asychronous set or reset. This may cause corruption of the memory contents and/or read values when the set/reset is asserted and is not analyzed by the default static timing analysis. It is suggested to eliminate the use of a set/reset to registers driving this RAMB pin or else use a synchronous reset in which the assertion of the reset is timed by default.
Related violations: <none>

REQP-1839#19 Warning
RAMB36 async control check  
The RAMB36E1 base_zynq_design_i/nuraghe_soc_1/inst/core_data_memory_i/mem_i/U0/inst_blk_mem_gen/gnativebmg.native_blk_mem_gen/valid.cstr/ramloop[0].ram.r/prim_noinit.ram/DEVICE_7SERIES.NO_BMM_INFO.TRUE_DP.SIMPLE_PRIM36.ram has an input control pin base_zynq_design_i/nuraghe_soc_1/inst/core_data_memory_i/mem_i/U0/inst_blk_mem_gen/gnativebmg.native_blk_mem_gen/valid.cstr/ramloop[0].ram.r/prim_noinit.ram/DEVICE_7SERIES.NO_BMM_INFO.TRUE_DP.SIMPLE_PRIM36.ram/ADDRARDADDR[14] (net: base_zynq_design_i/nuraghe_soc_1/inst/core_data_memory_i/mem_i/U0/inst_blk_mem_gen/gnativebmg.native_blk_mem_gen/valid.cstr/ramloop[0].ram.r/prim_noinit.ram/addra[11]) which is driven by a register (base_zynq_design_i/nuraghe_soc_1/inst/axi2per_datamem_i/axi2per_i/w_buffer_i/buffer_i/elements_reg[0]) that has an active asychronous set or reset. This may cause corruption of the memory contents and/or read values when the set/reset is asserted and is not analyzed by the default static timing analysis. It is suggested to eliminate the use of a set/reset to registers driving this RAMB pin or else use a synchronous reset in which the assertion of the reset is timed by default.
Related violations: <none>

REQP-1839#20 Warning
RAMB36 async control check  
The RAMB36E1 base_zynq_design_i/nuraghe_soc_1/inst/core_data_memory_i/mem_i/U0/inst_blk_mem_gen/gnativebmg.native_blk_mem_gen/valid.cstr/ramloop[0].ram.r/prim_noinit.ram/DEVICE_7SERIES.NO_BMM_INFO.TRUE_DP.SIMPLE_PRIM36.ram has an input control pin base_zynq_design_i/nuraghe_soc_1/inst/core_data_memory_i/mem_i/U0/inst_blk_mem_gen/gnativebmg.native_blk_mem_gen/valid.cstr/ramloop[0].ram.r/prim_noinit.ram/DEVICE_7SERIES.NO_BMM_INFO.TRUE_DP.SIMPLE_PRIM36.ram/ADDRARDADDR[14] (net: base_zynq_design_i/nuraghe_soc_1/inst/core_data_memory_i/mem_i/U0/inst_blk_mem_gen/gnativebmg.native_blk_mem_gen/valid.cstr/ramloop[0].ram.r/prim_noinit.ram/addra[11]) which is driven by a register (base_zynq_design_i/nuraghe_soc_1/inst/axi2per_datamem_i/axi2per_i/w_buffer_i/buffer_i/elements_reg[1]) that has an active asychronous set or reset. This may cause corruption of the memory contents and/or read values when the set/reset is asserted and is not analyzed by the default static timing analysis. It is suggested to eliminate the use of a set/reset to registers driving this RAMB pin or else use a synchronous reset in which the assertion of the reset is timed by default.
Related violations: <none>

REQP-1840#1 Warning
RAMB18 async control check  
The RAMB18E1 base_zynq_design_i/nuraghe_soc_1/inst/hwce_wrap_i/hwce_top_i/weights_mem_dp_wrap_i/banks_gen[0].bank_1024_gen.tcdm_bank_i/U0/inst_blk_mem_gen/gnbram.gnativebmg.native_blk_mem_gen/valid.cstr/ramloop[0].ram.r/prim_noinit.ram/DEVICE_7SERIES.NO_BMM_INFO.SDP.SIMPLE_PRIM18.ram has an input control pin base_zynq_design_i/nuraghe_soc_1/inst/hwce_wrap_i/hwce_top_i/weights_mem_dp_wrap_i/banks_gen[0].bank_1024_gen.tcdm_bank_i/U0/inst_blk_mem_gen/gnbram.gnativebmg.native_blk_mem_gen/valid.cstr/ramloop[0].ram.r/prim_noinit.ram/DEVICE_7SERIES.NO_BMM_INFO.SDP.SIMPLE_PRIM18.ram/ADDRARDADDR[10] (net: base_zynq_design_i/nuraghe_soc_1/inst/hwce_wrap_i/hwce_top_i/weights_mem_dp_wrap_i/banks_gen[0].bank_1024_gen.tcdm_bank_i/U0/inst_blk_mem_gen/gnbram.gnativebmg.native_blk_mem_gen/valid.cstr/ramloop[0].ram.r/prim_noinit.ram/addra[6]) which is driven by a register (base_zynq_design_i/nuraghe_soc_1/inst/dmac_wei_wrap_i/mchan0_per_i/tcdm_unit_i/beat_queue_rx[0].tcdm_beat_queue_rx_i/FIFO_REGISTERS_reg[0][9]) that has an active asychronous set or reset. This may cause corruption of the memory contents and/or read values when the set/reset is asserted and is not analyzed by the default static timing analysis. It is suggested to eliminate the use of a set/reset to registers driving this RAMB pin or else use a synchronous reset in which the assertion of the reset is timed by default.
Related violations: <none>

REQP-1840#2 Warning
RAMB18 async control check  
The RAMB18E1 base_zynq_design_i/nuraghe_soc_1/inst/hwce_wrap_i/hwce_top_i/weights_mem_dp_wrap_i/banks_gen[0].bank_1024_gen.tcdm_bank_i/U0/inst_blk_mem_gen/gnbram.gnativebmg.native_blk_mem_gen/valid.cstr/ramloop[0].ram.r/prim_noinit.ram/DEVICE_7SERIES.NO_BMM_INFO.SDP.SIMPLE_PRIM18.ram has an input control pin base_zynq_design_i/nuraghe_soc_1/inst/hwce_wrap_i/hwce_top_i/weights_mem_dp_wrap_i/banks_gen[0].bank_1024_gen.tcdm_bank_i/U0/inst_blk_mem_gen/gnbram.gnativebmg.native_blk_mem_gen/valid.cstr/ramloop[0].ram.r/prim_noinit.ram/DEVICE_7SERIES.NO_BMM_INFO.SDP.SIMPLE_PRIM18.ram/ADDRARDADDR[10] (net: base_zynq_design_i/nuraghe_soc_1/inst/hwce_wrap_i/hwce_top_i/weights_mem_dp_wrap_i/banks_gen[0].bank_1024_gen.tcdm_bank_i/U0/inst_blk_mem_gen/gnbram.gnativebmg.native_blk_mem_gen/valid.cstr/ramloop[0].ram.r/prim_noinit.ram/addra[6]) which is driven by a register (base_zynq_design_i/nuraghe_soc_1/inst/dmac_wei_wrap_i/mchan0_per_i/tcdm_unit_i/beat_queue_rx[0].tcdm_beat_queue_rx_i/FIFO_REGISTERS_reg[1][9]) that has an active asychronous set or reset. This may cause corruption of the memory contents and/or read values when the set/reset is asserted and is not analyzed by the default static timing analysis. It is suggested to eliminate the use of a set/reset to registers driving this RAMB pin or else use a synchronous reset in which the assertion of the reset is timed by default.
Related violations: <none>

REQP-1840#3 Warning
RAMB18 async control check  
The RAMB18E1 base_zynq_design_i/nuraghe_soc_1/inst/hwce_wrap_i/hwce_top_i/weights_mem_dp_wrap_i/banks_gen[0].bank_1024_gen.tcdm_bank_i/U0/inst_blk_mem_gen/gnbram.gnativebmg.native_blk_mem_gen/valid.cstr/ramloop[0].ram.r/prim_noinit.ram/DEVICE_7SERIES.NO_BMM_INFO.SDP.SIMPLE_PRIM18.ram has an input control pin base_zynq_design_i/nuraghe_soc_1/inst/hwce_wrap_i/hwce_top_i/weights_mem_dp_wrap_i/banks_gen[0].bank_1024_gen.tcdm_bank_i/U0/inst_blk_mem_gen/gnbram.gnativebmg.native_blk_mem_gen/valid.cstr/ramloop[0].ram.r/prim_noinit.ram/DEVICE_7SERIES.NO_BMM_INFO.SDP.SIMPLE_PRIM18.ram/ADDRARDADDR[10] (net: base_zynq_design_i/nuraghe_soc_1/inst/hwce_wrap_i/hwce_top_i/weights_mem_dp_wrap_i/banks_gen[0].bank_1024_gen.tcdm_bank_i/U0/inst_blk_mem_gen/gnbram.gnativebmg.native_blk_mem_gen/valid.cstr/ramloop[0].ram.r/prim_noinit.ram/addra[6]) which is driven by a register (base_zynq_design_i/nuraghe_soc_1/inst/dmac_wei_wrap_i/mchan0_per_i/tcdm_unit_i/beat_queue_rx[0].tcdm_beat_queue_rx_i/Pop_Pointer_CS_reg[0]) that has an active asychronous set or reset. This may cause corruption of the memory contents and/or read values when the set/reset is asserted and is not analyzed by the default static timing analysis. It is suggested to eliminate the use of a set/reset to registers driving this RAMB pin or else use a synchronous reset in which the assertion of the reset is timed by default.
Related violations: <none>

REQP-1840#4 Warning
RAMB18 async control check  
The RAMB18E1 base_zynq_design_i/nuraghe_soc_1/inst/hwce_wrap_i/hwce_top_i/weights_mem_dp_wrap_i/banks_gen[0].bank_1024_gen.tcdm_bank_i/U0/inst_blk_mem_gen/gnbram.gnativebmg.native_blk_mem_gen/valid.cstr/ramloop[0].ram.r/prim_noinit.ram/DEVICE_7SERIES.NO_BMM_INFO.SDP.SIMPLE_PRIM18.ram has an input control pin base_zynq_design_i/nuraghe_soc_1/inst/hwce_wrap_i/hwce_top_i/weights_mem_dp_wrap_i/banks_gen[0].bank_1024_gen.tcdm_bank_i/U0/inst_blk_mem_gen/gnbram.gnativebmg.native_blk_mem_gen/valid.cstr/ramloop[0].ram.r/prim_noinit.ram/DEVICE_7SERIES.NO_BMM_INFO.SDP.SIMPLE_PRIM18.ram/ADDRARDADDR[11] (net: base_zynq_design_i/nuraghe_soc_1/inst/hwce_wrap_i/hwce_top_i/weights_mem_dp_wrap_i/banks_gen[0].bank_1024_gen.tcdm_bank_i/U0/inst_blk_mem_gen/gnbram.gnativebmg.native_blk_mem_gen/valid.cstr/ramloop[0].ram.r/prim_noinit.ram/addra[7]) which is driven by a register (base_zynq_design_i/nuraghe_soc_1/inst/dmac_wei_wrap_i/mchan0_per_i/tcdm_unit_i/beat_queue_rx[0].tcdm_beat_queue_rx_i/FIFO_REGISTERS_reg[0][10]) that has an active asychronous set or reset. This may cause corruption of the memory contents and/or read values when the set/reset is asserted and is not analyzed by the default static timing analysis. It is suggested to eliminate the use of a set/reset to registers driving this RAMB pin or else use a synchronous reset in which the assertion of the reset is timed by default.
Related violations: <none>

REQP-1840#5 Warning
RAMB18 async control check  
The RAMB18E1 base_zynq_design_i/nuraghe_soc_1/inst/hwce_wrap_i/hwce_top_i/weights_mem_dp_wrap_i/banks_gen[0].bank_1024_gen.tcdm_bank_i/U0/inst_blk_mem_gen/gnbram.gnativebmg.native_blk_mem_gen/valid.cstr/ramloop[0].ram.r/prim_noinit.ram/DEVICE_7SERIES.NO_BMM_INFO.SDP.SIMPLE_PRIM18.ram has an input control pin base_zynq_design_i/nuraghe_soc_1/inst/hwce_wrap_i/hwce_top_i/weights_mem_dp_wrap_i/banks_gen[0].bank_1024_gen.tcdm_bank_i/U0/inst_blk_mem_gen/gnbram.gnativebmg.native_blk_mem_gen/valid.cstr/ramloop[0].ram.r/prim_noinit.ram/DEVICE_7SERIES.NO_BMM_INFO.SDP.SIMPLE_PRIM18.ram/ADDRARDADDR[11] (net: base_zynq_design_i/nuraghe_soc_1/inst/hwce_wrap_i/hwce_top_i/weights_mem_dp_wrap_i/banks_gen[0].bank_1024_gen.tcdm_bank_i/U0/inst_blk_mem_gen/gnbram.gnativebmg.native_blk_mem_gen/valid.cstr/ramloop[0].ram.r/prim_noinit.ram/addra[7]) which is driven by a register (base_zynq_design_i/nuraghe_soc_1/inst/dmac_wei_wrap_i/mchan0_per_i/tcdm_unit_i/beat_queue_rx[0].tcdm_beat_queue_rx_i/FIFO_REGISTERS_reg[1][10]) that has an active asychronous set or reset. This may cause corruption of the memory contents and/or read values when the set/reset is asserted and is not analyzed by the default static timing analysis. It is suggested to eliminate the use of a set/reset to registers driving this RAMB pin or else use a synchronous reset in which the assertion of the reset is timed by default.
Related violations: <none>

REQP-1840#6 Warning
RAMB18 async control check  
The RAMB18E1 base_zynq_design_i/nuraghe_soc_1/inst/hwce_wrap_i/hwce_top_i/weights_mem_dp_wrap_i/banks_gen[0].bank_1024_gen.tcdm_bank_i/U0/inst_blk_mem_gen/gnbram.gnativebmg.native_blk_mem_gen/valid.cstr/ramloop[0].ram.r/prim_noinit.ram/DEVICE_7SERIES.NO_BMM_INFO.SDP.SIMPLE_PRIM18.ram has an input control pin base_zynq_design_i/nuraghe_soc_1/inst/hwce_wrap_i/hwce_top_i/weights_mem_dp_wrap_i/banks_gen[0].bank_1024_gen.tcdm_bank_i/U0/inst_blk_mem_gen/gnbram.gnativebmg.native_blk_mem_gen/valid.cstr/ramloop[0].ram.r/prim_noinit.ram/DEVICE_7SERIES.NO_BMM_INFO.SDP.SIMPLE_PRIM18.ram/ADDRARDADDR[11] (net: base_zynq_design_i/nuraghe_soc_1/inst/hwce_wrap_i/hwce_top_i/weights_mem_dp_wrap_i/banks_gen[0].bank_1024_gen.tcdm_bank_i/U0/inst_blk_mem_gen/gnbram.gnativebmg.native_blk_mem_gen/valid.cstr/ramloop[0].ram.r/prim_noinit.ram/addra[7]) which is driven by a register (base_zynq_design_i/nuraghe_soc_1/inst/dmac_wei_wrap_i/mchan0_per_i/tcdm_unit_i/beat_queue_rx[0].tcdm_beat_queue_rx_i/Pop_Pointer_CS_reg[0]) that has an active asychronous set or reset. This may cause corruption of the memory contents and/or read values when the set/reset is asserted and is not analyzed by the default static timing analysis. It is suggested to eliminate the use of a set/reset to registers driving this RAMB pin or else use a synchronous reset in which the assertion of the reset is timed by default.
Related violations: <none>

REQP-1840#7 Warning
RAMB18 async control check  
The RAMB18E1 base_zynq_design_i/nuraghe_soc_1/inst/hwce_wrap_i/hwce_top_i/weights_mem_dp_wrap_i/banks_gen[0].bank_1024_gen.tcdm_bank_i/U0/inst_blk_mem_gen/gnbram.gnativebmg.native_blk_mem_gen/valid.cstr/ramloop[0].ram.r/prim_noinit.ram/DEVICE_7SERIES.NO_BMM_INFO.SDP.SIMPLE_PRIM18.ram has an input control pin base_zynq_design_i/nuraghe_soc_1/inst/hwce_wrap_i/hwce_top_i/weights_mem_dp_wrap_i/banks_gen[0].bank_1024_gen.tcdm_bank_i/U0/inst_blk_mem_gen/gnbram.gnativebmg.native_blk_mem_gen/valid.cstr/ramloop[0].ram.r/prim_noinit.ram/DEVICE_7SERIES.NO_BMM_INFO.SDP.SIMPLE_PRIM18.ram/ADDRARDADDR[12] (net: base_zynq_design_i/nuraghe_soc_1/inst/hwce_wrap_i/hwce_top_i/weights_mem_dp_wrap_i/banks_gen[0].bank_1024_gen.tcdm_bank_i/U0/inst_blk_mem_gen/gnbram.gnativebmg.native_blk_mem_gen/valid.cstr/ramloop[0].ram.r/prim_noinit.ram/addra[8]) which is driven by a register (base_zynq_design_i/nuraghe_soc_1/inst/dmac_wei_wrap_i/mchan0_per_i/tcdm_unit_i/beat_queue_rx[0].tcdm_beat_queue_rx_i/FIFO_REGISTERS_reg[0][11]) that has an active asychronous set or reset. This may cause corruption of the memory contents and/or read values when the set/reset is asserted and is not analyzed by the default static timing analysis. It is suggested to eliminate the use of a set/reset to registers driving this RAMB pin or else use a synchronous reset in which the assertion of the reset is timed by default.
Related violations: <none>

REQP-1840#8 Warning
RAMB18 async control check  
The RAMB18E1 base_zynq_design_i/nuraghe_soc_1/inst/hwce_wrap_i/hwce_top_i/weights_mem_dp_wrap_i/banks_gen[0].bank_1024_gen.tcdm_bank_i/U0/inst_blk_mem_gen/gnbram.gnativebmg.native_blk_mem_gen/valid.cstr/ramloop[0].ram.r/prim_noinit.ram/DEVICE_7SERIES.NO_BMM_INFO.SDP.SIMPLE_PRIM18.ram has an input control pin base_zynq_design_i/nuraghe_soc_1/inst/hwce_wrap_i/hwce_top_i/weights_mem_dp_wrap_i/banks_gen[0].bank_1024_gen.tcdm_bank_i/U0/inst_blk_mem_gen/gnbram.gnativebmg.native_blk_mem_gen/valid.cstr/ramloop[0].ram.r/prim_noinit.ram/DEVICE_7SERIES.NO_BMM_INFO.SDP.SIMPLE_PRIM18.ram/ADDRARDADDR[12] (net: base_zynq_design_i/nuraghe_soc_1/inst/hwce_wrap_i/hwce_top_i/weights_mem_dp_wrap_i/banks_gen[0].bank_1024_gen.tcdm_bank_i/U0/inst_blk_mem_gen/gnbram.gnativebmg.native_blk_mem_gen/valid.cstr/ramloop[0].ram.r/prim_noinit.ram/addra[8]) which is driven by a register (base_zynq_design_i/nuraghe_soc_1/inst/dmac_wei_wrap_i/mchan0_per_i/tcdm_unit_i/beat_queue_rx[0].tcdm_beat_queue_rx_i/FIFO_REGISTERS_reg[1][11]) that has an active asychronous set or reset. This may cause corruption of the memory contents and/or read values when the set/reset is asserted and is not analyzed by the default static timing analysis. It is suggested to eliminate the use of a set/reset to registers driving this RAMB pin or else use a synchronous reset in which the assertion of the reset is timed by default.
Related violations: <none>

REQP-1840#9 Warning
RAMB18 async control check  
The RAMB18E1 base_zynq_design_i/nuraghe_soc_1/inst/hwce_wrap_i/hwce_top_i/weights_mem_dp_wrap_i/banks_gen[0].bank_1024_gen.tcdm_bank_i/U0/inst_blk_mem_gen/gnbram.gnativebmg.native_blk_mem_gen/valid.cstr/ramloop[0].ram.r/prim_noinit.ram/DEVICE_7SERIES.NO_BMM_INFO.SDP.SIMPLE_PRIM18.ram has an input control pin base_zynq_design_i/nuraghe_soc_1/inst/hwce_wrap_i/hwce_top_i/weights_mem_dp_wrap_i/banks_gen[0].bank_1024_gen.tcdm_bank_i/U0/inst_blk_mem_gen/gnbram.gnativebmg.native_blk_mem_gen/valid.cstr/ramloop[0].ram.r/prim_noinit.ram/DEVICE_7SERIES.NO_BMM_INFO.SDP.SIMPLE_PRIM18.ram/ADDRARDADDR[12] (net: base_zynq_design_i/nuraghe_soc_1/inst/hwce_wrap_i/hwce_top_i/weights_mem_dp_wrap_i/banks_gen[0].bank_1024_gen.tcdm_bank_i/U0/inst_blk_mem_gen/gnbram.gnativebmg.native_blk_mem_gen/valid.cstr/ramloop[0].ram.r/prim_noinit.ram/addra[8]) which is driven by a register (base_zynq_design_i/nuraghe_soc_1/inst/dmac_wei_wrap_i/mchan0_per_i/tcdm_unit_i/beat_queue_rx[0].tcdm_beat_queue_rx_i/Pop_Pointer_CS_reg[0]) that has an active asychronous set or reset. This may cause corruption of the memory contents and/or read values when the set/reset is asserted and is not analyzed by the default static timing analysis. It is suggested to eliminate the use of a set/reset to registers driving this RAMB pin or else use a synchronous reset in which the assertion of the reset is timed by default.
Related violations: <none>

REQP-1840#10 Warning
RAMB18 async control check  
The RAMB18E1 base_zynq_design_i/nuraghe_soc_1/inst/hwce_wrap_i/hwce_top_i/weights_mem_dp_wrap_i/banks_gen[0].bank_1024_gen.tcdm_bank_i/U0/inst_blk_mem_gen/gnbram.gnativebmg.native_blk_mem_gen/valid.cstr/ramloop[0].ram.r/prim_noinit.ram/DEVICE_7SERIES.NO_BMM_INFO.SDP.SIMPLE_PRIM18.ram has an input control pin base_zynq_design_i/nuraghe_soc_1/inst/hwce_wrap_i/hwce_top_i/weights_mem_dp_wrap_i/banks_gen[0].bank_1024_gen.tcdm_bank_i/U0/inst_blk_mem_gen/gnbram.gnativebmg.native_blk_mem_gen/valid.cstr/ramloop[0].ram.r/prim_noinit.ram/DEVICE_7SERIES.NO_BMM_INFO.SDP.SIMPLE_PRIM18.ram/ADDRARDADDR[13] (net: base_zynq_design_i/nuraghe_soc_1/inst/hwce_wrap_i/hwce_top_i/weights_mem_dp_wrap_i/banks_gen[0].bank_1024_gen.tcdm_bank_i/U0/inst_blk_mem_gen/gnbram.gnativebmg.native_blk_mem_gen/valid.cstr/ramloop[0].ram.r/prim_noinit.ram/addra[9]) which is driven by a register (base_zynq_design_i/nuraghe_soc_1/inst/dmac_wei_wrap_i/mchan0_per_i/tcdm_unit_i/beat_queue_rx[0].tcdm_beat_queue_rx_i/FIFO_REGISTERS_reg[0][12]) that has an active asychronous set or reset. This may cause corruption of the memory contents and/or read values when the set/reset is asserted and is not analyzed by the default static timing analysis. It is suggested to eliminate the use of a set/reset to registers driving this RAMB pin or else use a synchronous reset in which the assertion of the reset is timed by default.
Related violations: <none>

REQP-1840#11 Warning
RAMB18 async control check  
The RAMB18E1 base_zynq_design_i/nuraghe_soc_1/inst/hwce_wrap_i/hwce_top_i/weights_mem_dp_wrap_i/banks_gen[0].bank_1024_gen.tcdm_bank_i/U0/inst_blk_mem_gen/gnbram.gnativebmg.native_blk_mem_gen/valid.cstr/ramloop[0].ram.r/prim_noinit.ram/DEVICE_7SERIES.NO_BMM_INFO.SDP.SIMPLE_PRIM18.ram has an input control pin base_zynq_design_i/nuraghe_soc_1/inst/hwce_wrap_i/hwce_top_i/weights_mem_dp_wrap_i/banks_gen[0].bank_1024_gen.tcdm_bank_i/U0/inst_blk_mem_gen/gnbram.gnativebmg.native_blk_mem_gen/valid.cstr/ramloop[0].ram.r/prim_noinit.ram/DEVICE_7SERIES.NO_BMM_INFO.SDP.SIMPLE_PRIM18.ram/ADDRARDADDR[13] (net: base_zynq_design_i/nuraghe_soc_1/inst/hwce_wrap_i/hwce_top_i/weights_mem_dp_wrap_i/banks_gen[0].bank_1024_gen.tcdm_bank_i/U0/inst_blk_mem_gen/gnbram.gnativebmg.native_blk_mem_gen/valid.cstr/ramloop[0].ram.r/prim_noinit.ram/addra[9]) which is driven by a register (base_zynq_design_i/nuraghe_soc_1/inst/dmac_wei_wrap_i/mchan0_per_i/tcdm_unit_i/beat_queue_rx[0].tcdm_beat_queue_rx_i/FIFO_REGISTERS_reg[1][12]) that has an active asychronous set or reset. This may cause corruption of the memory contents and/or read values when the set/reset is asserted and is not analyzed by the default static timing analysis. It is suggested to eliminate the use of a set/reset to registers driving this RAMB pin or else use a synchronous reset in which the assertion of the reset is timed by default.
Related violations: <none>

REQP-1840#12 Warning
RAMB18 async control check  
The RAMB18E1 base_zynq_design_i/nuraghe_soc_1/inst/hwce_wrap_i/hwce_top_i/weights_mem_dp_wrap_i/banks_gen[0].bank_1024_gen.tcdm_bank_i/U0/inst_blk_mem_gen/gnbram.gnativebmg.native_blk_mem_gen/valid.cstr/ramloop[0].ram.r/prim_noinit.ram/DEVICE_7SERIES.NO_BMM_INFO.SDP.SIMPLE_PRIM18.ram has an input control pin base_zynq_design_i/nuraghe_soc_1/inst/hwce_wrap_i/hwce_top_i/weights_mem_dp_wrap_i/banks_gen[0].bank_1024_gen.tcdm_bank_i/U0/inst_blk_mem_gen/gnbram.gnativebmg.native_blk_mem_gen/valid.cstr/ramloop[0].ram.r/prim_noinit.ram/DEVICE_7SERIES.NO_BMM_INFO.SDP.SIMPLE_PRIM18.ram/ADDRARDADDR[13] (net: base_zynq_design_i/nuraghe_soc_1/inst/hwce_wrap_i/hwce_top_i/weights_mem_dp_wrap_i/banks_gen[0].bank_1024_gen.tcdm_bank_i/U0/inst_blk_mem_gen/gnbram.gnativebmg.native_blk_mem_gen/valid.cstr/ramloop[0].ram.r/prim_noinit.ram/addra[9]) which is driven by a register (base_zynq_design_i/nuraghe_soc_1/inst/dmac_wei_wrap_i/mchan0_per_i/tcdm_unit_i/beat_queue_rx[0].tcdm_beat_queue_rx_i/Pop_Pointer_CS_reg[0]) that has an active asychronous set or reset. This may cause corruption of the memory contents and/or read values when the set/reset is asserted and is not analyzed by the default static timing analysis. It is suggested to eliminate the use of a set/reset to registers driving this RAMB pin or else use a synchronous reset in which the assertion of the reset is timed by default.
Related violations: <none>

REQP-1840#13 Warning
RAMB18 async control check  
The RAMB18E1 base_zynq_design_i/nuraghe_soc_1/inst/hwce_wrap_i/hwce_top_i/weights_mem_dp_wrap_i/banks_gen[0].bank_1024_gen.tcdm_bank_i/U0/inst_blk_mem_gen/gnbram.gnativebmg.native_blk_mem_gen/valid.cstr/ramloop[0].ram.r/prim_noinit.ram/DEVICE_7SERIES.NO_BMM_INFO.SDP.SIMPLE_PRIM18.ram has an input control pin base_zynq_design_i/nuraghe_soc_1/inst/hwce_wrap_i/hwce_top_i/weights_mem_dp_wrap_i/banks_gen[0].bank_1024_gen.tcdm_bank_i/U0/inst_blk_mem_gen/gnbram.gnativebmg.native_blk_mem_gen/valid.cstr/ramloop[0].ram.r/prim_noinit.ram/DEVICE_7SERIES.NO_BMM_INFO.SDP.SIMPLE_PRIM18.ram/ADDRARDADDR[7] (net: base_zynq_design_i/nuraghe_soc_1/inst/hwce_wrap_i/hwce_top_i/weights_mem_dp_wrap_i/banks_gen[0].bank_1024_gen.tcdm_bank_i/U0/inst_blk_mem_gen/gnbram.gnativebmg.native_blk_mem_gen/valid.cstr/ramloop[0].ram.r/prim_noinit.ram/addra[3]) which is driven by a register (base_zynq_design_i/nuraghe_soc_1/inst/dmac_wei_wrap_i/mchan0_per_i/tcdm_unit_i/beat_queue_rx[0].tcdm_beat_queue_rx_i/FIFO_REGISTERS_reg[0][6]) that has an active asychronous set or reset. This may cause corruption of the memory contents and/or read values when the set/reset is asserted and is not analyzed by the default static timing analysis. It is suggested to eliminate the use of a set/reset to registers driving this RAMB pin or else use a synchronous reset in which the assertion of the reset is timed by default.
Related violations: <none>

REQP-1840#14 Warning
RAMB18 async control check  
The RAMB18E1 base_zynq_design_i/nuraghe_soc_1/inst/hwce_wrap_i/hwce_top_i/weights_mem_dp_wrap_i/banks_gen[0].bank_1024_gen.tcdm_bank_i/U0/inst_blk_mem_gen/gnbram.gnativebmg.native_blk_mem_gen/valid.cstr/ramloop[0].ram.r/prim_noinit.ram/DEVICE_7SERIES.NO_BMM_INFO.SDP.SIMPLE_PRIM18.ram has an input control pin base_zynq_design_i/nuraghe_soc_1/inst/hwce_wrap_i/hwce_top_i/weights_mem_dp_wrap_i/banks_gen[0].bank_1024_gen.tcdm_bank_i/U0/inst_blk_mem_gen/gnbram.gnativebmg.native_blk_mem_gen/valid.cstr/ramloop[0].ram.r/prim_noinit.ram/DEVICE_7SERIES.NO_BMM_INFO.SDP.SIMPLE_PRIM18.ram/ADDRARDADDR[7] (net: base_zynq_design_i/nuraghe_soc_1/inst/hwce_wrap_i/hwce_top_i/weights_mem_dp_wrap_i/banks_gen[0].bank_1024_gen.tcdm_bank_i/U0/inst_blk_mem_gen/gnbram.gnativebmg.native_blk_mem_gen/valid.cstr/ramloop[0].ram.r/prim_noinit.ram/addra[3]) which is driven by a register (base_zynq_design_i/nuraghe_soc_1/inst/dmac_wei_wrap_i/mchan0_per_i/tcdm_unit_i/beat_queue_rx[0].tcdm_beat_queue_rx_i/FIFO_REGISTERS_reg[1][6]) that has an active asychronous set or reset. This may cause corruption of the memory contents and/or read values when the set/reset is asserted and is not analyzed by the default static timing analysis. It is suggested to eliminate the use of a set/reset to registers driving this RAMB pin or else use a synchronous reset in which the assertion of the reset is timed by default.
Related violations: <none>

REQP-1840#15 Warning
RAMB18 async control check  
The RAMB18E1 base_zynq_design_i/nuraghe_soc_1/inst/hwce_wrap_i/hwce_top_i/weights_mem_dp_wrap_i/banks_gen[0].bank_1024_gen.tcdm_bank_i/U0/inst_blk_mem_gen/gnbram.gnativebmg.native_blk_mem_gen/valid.cstr/ramloop[0].ram.r/prim_noinit.ram/DEVICE_7SERIES.NO_BMM_INFO.SDP.SIMPLE_PRIM18.ram has an input control pin base_zynq_design_i/nuraghe_soc_1/inst/hwce_wrap_i/hwce_top_i/weights_mem_dp_wrap_i/banks_gen[0].bank_1024_gen.tcdm_bank_i/U0/inst_blk_mem_gen/gnbram.gnativebmg.native_blk_mem_gen/valid.cstr/ramloop[0].ram.r/prim_noinit.ram/DEVICE_7SERIES.NO_BMM_INFO.SDP.SIMPLE_PRIM18.ram/ADDRARDADDR[8] (net: base_zynq_design_i/nuraghe_soc_1/inst/hwce_wrap_i/hwce_top_i/weights_mem_dp_wrap_i/banks_gen[0].bank_1024_gen.tcdm_bank_i/U0/inst_blk_mem_gen/gnbram.gnativebmg.native_blk_mem_gen/valid.cstr/ramloop[0].ram.r/prim_noinit.ram/addra[4]) which is driven by a register (base_zynq_design_i/nuraghe_soc_1/inst/dmac_wei_wrap_i/mchan0_per_i/tcdm_unit_i/beat_queue_rx[0].tcdm_beat_queue_rx_i/FIFO_REGISTERS_reg[0][7]) that has an active asychronous set or reset. This may cause corruption of the memory contents and/or read values when the set/reset is asserted and is not analyzed by the default static timing analysis. It is suggested to eliminate the use of a set/reset to registers driving this RAMB pin or else use a synchronous reset in which the assertion of the reset is timed by default.
Related violations: <none>

REQP-1840#16 Warning
RAMB18 async control check  
The RAMB18E1 base_zynq_design_i/nuraghe_soc_1/inst/hwce_wrap_i/hwce_top_i/weights_mem_dp_wrap_i/banks_gen[0].bank_1024_gen.tcdm_bank_i/U0/inst_blk_mem_gen/gnbram.gnativebmg.native_blk_mem_gen/valid.cstr/ramloop[0].ram.r/prim_noinit.ram/DEVICE_7SERIES.NO_BMM_INFO.SDP.SIMPLE_PRIM18.ram has an input control pin base_zynq_design_i/nuraghe_soc_1/inst/hwce_wrap_i/hwce_top_i/weights_mem_dp_wrap_i/banks_gen[0].bank_1024_gen.tcdm_bank_i/U0/inst_blk_mem_gen/gnbram.gnativebmg.native_blk_mem_gen/valid.cstr/ramloop[0].ram.r/prim_noinit.ram/DEVICE_7SERIES.NO_BMM_INFO.SDP.SIMPLE_PRIM18.ram/ADDRARDADDR[8] (net: base_zynq_design_i/nuraghe_soc_1/inst/hwce_wrap_i/hwce_top_i/weights_mem_dp_wrap_i/banks_gen[0].bank_1024_gen.tcdm_bank_i/U0/inst_blk_mem_gen/gnbram.gnativebmg.native_blk_mem_gen/valid.cstr/ramloop[0].ram.r/prim_noinit.ram/addra[4]) which is driven by a register (base_zynq_design_i/nuraghe_soc_1/inst/dmac_wei_wrap_i/mchan0_per_i/tcdm_unit_i/beat_queue_rx[0].tcdm_beat_queue_rx_i/FIFO_REGISTERS_reg[1][7]) that has an active asychronous set or reset. This may cause corruption of the memory contents and/or read values when the set/reset is asserted and is not analyzed by the default static timing analysis. It is suggested to eliminate the use of a set/reset to registers driving this RAMB pin or else use a synchronous reset in which the assertion of the reset is timed by default.
Related violations: <none>

REQP-1840#17 Warning
RAMB18 async control check  
The RAMB18E1 base_zynq_design_i/nuraghe_soc_1/inst/hwce_wrap_i/hwce_top_i/weights_mem_dp_wrap_i/banks_gen[0].bank_1024_gen.tcdm_bank_i/U0/inst_blk_mem_gen/gnbram.gnativebmg.native_blk_mem_gen/valid.cstr/ramloop[0].ram.r/prim_noinit.ram/DEVICE_7SERIES.NO_BMM_INFO.SDP.SIMPLE_PRIM18.ram has an input control pin base_zynq_design_i/nuraghe_soc_1/inst/hwce_wrap_i/hwce_top_i/weights_mem_dp_wrap_i/banks_gen[0].bank_1024_gen.tcdm_bank_i/U0/inst_blk_mem_gen/gnbram.gnativebmg.native_blk_mem_gen/valid.cstr/ramloop[0].ram.r/prim_noinit.ram/DEVICE_7SERIES.NO_BMM_INFO.SDP.SIMPLE_PRIM18.ram/ADDRARDADDR[8] (net: base_zynq_design_i/nuraghe_soc_1/inst/hwce_wrap_i/hwce_top_i/weights_mem_dp_wrap_i/banks_gen[0].bank_1024_gen.tcdm_bank_i/U0/inst_blk_mem_gen/gnbram.gnativebmg.native_blk_mem_gen/valid.cstr/ramloop[0].ram.r/prim_noinit.ram/addra[4]) which is driven by a register (base_zynq_design_i/nuraghe_soc_1/inst/dmac_wei_wrap_i/mchan0_per_i/tcdm_unit_i/beat_queue_rx[0].tcdm_beat_queue_rx_i/Pop_Pointer_CS_reg[0]) that has an active asychronous set or reset. This may cause corruption of the memory contents and/or read values when the set/reset is asserted and is not analyzed by the default static timing analysis. It is suggested to eliminate the use of a set/reset to registers driving this RAMB pin or else use a synchronous reset in which the assertion of the reset is timed by default.
Related violations: <none>

REQP-1840#18 Warning
RAMB18 async control check  
The RAMB18E1 base_zynq_design_i/nuraghe_soc_1/inst/hwce_wrap_i/hwce_top_i/weights_mem_dp_wrap_i/banks_gen[0].bank_1024_gen.tcdm_bank_i/U0/inst_blk_mem_gen/gnbram.gnativebmg.native_blk_mem_gen/valid.cstr/ramloop[0].ram.r/prim_noinit.ram/DEVICE_7SERIES.NO_BMM_INFO.SDP.SIMPLE_PRIM18.ram has an input control pin base_zynq_design_i/nuraghe_soc_1/inst/hwce_wrap_i/hwce_top_i/weights_mem_dp_wrap_i/banks_gen[0].bank_1024_gen.tcdm_bank_i/U0/inst_blk_mem_gen/gnbram.gnativebmg.native_blk_mem_gen/valid.cstr/ramloop[0].ram.r/prim_noinit.ram/DEVICE_7SERIES.NO_BMM_INFO.SDP.SIMPLE_PRIM18.ram/ADDRARDADDR[9] (net: base_zynq_design_i/nuraghe_soc_1/inst/hwce_wrap_i/hwce_top_i/weights_mem_dp_wrap_i/banks_gen[0].bank_1024_gen.tcdm_bank_i/U0/inst_blk_mem_gen/gnbram.gnativebmg.native_blk_mem_gen/valid.cstr/ramloop[0].ram.r/prim_noinit.ram/addra[5]) which is driven by a register (base_zynq_design_i/nuraghe_soc_1/inst/dmac_wei_wrap_i/mchan0_per_i/tcdm_unit_i/beat_queue_rx[0].tcdm_beat_queue_rx_i/FIFO_REGISTERS_reg[0][8]) that has an active asychronous set or reset. This may cause corruption of the memory contents and/or read values when the set/reset is asserted and is not analyzed by the default static timing analysis. It is suggested to eliminate the use of a set/reset to registers driving this RAMB pin or else use a synchronous reset in which the assertion of the reset is timed by default.
Related violations: <none>

REQP-1840#19 Warning
RAMB18 async control check  
The RAMB18E1 base_zynq_design_i/nuraghe_soc_1/inst/hwce_wrap_i/hwce_top_i/weights_mem_dp_wrap_i/banks_gen[0].bank_1024_gen.tcdm_bank_i/U0/inst_blk_mem_gen/gnbram.gnativebmg.native_blk_mem_gen/valid.cstr/ramloop[0].ram.r/prim_noinit.ram/DEVICE_7SERIES.NO_BMM_INFO.SDP.SIMPLE_PRIM18.ram has an input control pin base_zynq_design_i/nuraghe_soc_1/inst/hwce_wrap_i/hwce_top_i/weights_mem_dp_wrap_i/banks_gen[0].bank_1024_gen.tcdm_bank_i/U0/inst_blk_mem_gen/gnbram.gnativebmg.native_blk_mem_gen/valid.cstr/ramloop[0].ram.r/prim_noinit.ram/DEVICE_7SERIES.NO_BMM_INFO.SDP.SIMPLE_PRIM18.ram/ADDRARDADDR[9] (net: base_zynq_design_i/nuraghe_soc_1/inst/hwce_wrap_i/hwce_top_i/weights_mem_dp_wrap_i/banks_gen[0].bank_1024_gen.tcdm_bank_i/U0/inst_blk_mem_gen/gnbram.gnativebmg.native_blk_mem_gen/valid.cstr/ramloop[0].ram.r/prim_noinit.ram/addra[5]) which is driven by a register (base_zynq_design_i/nuraghe_soc_1/inst/dmac_wei_wrap_i/mchan0_per_i/tcdm_unit_i/beat_queue_rx[0].tcdm_beat_queue_rx_i/FIFO_REGISTERS_reg[1][8]) that has an active asychronous set or reset. This may cause corruption of the memory contents and/or read values when the set/reset is asserted and is not analyzed by the default static timing analysis. It is suggested to eliminate the use of a set/reset to registers driving this RAMB pin or else use a synchronous reset in which the assertion of the reset is timed by default.
Related violations: <none>

REQP-1840#20 Warning
RAMB18 async control check  
The RAMB18E1 base_zynq_design_i/nuraghe_soc_1/inst/hwce_wrap_i/hwce_top_i/weights_mem_dp_wrap_i/banks_gen[0].bank_1024_gen.tcdm_bank_i/U0/inst_blk_mem_gen/gnbram.gnativebmg.native_blk_mem_gen/valid.cstr/ramloop[0].ram.r/prim_noinit.ram/DEVICE_7SERIES.NO_BMM_INFO.SDP.SIMPLE_PRIM18.ram has an input control pin base_zynq_design_i/nuraghe_soc_1/inst/hwce_wrap_i/hwce_top_i/weights_mem_dp_wrap_i/banks_gen[0].bank_1024_gen.tcdm_bank_i/U0/inst_blk_mem_gen/gnbram.gnativebmg.native_blk_mem_gen/valid.cstr/ramloop[0].ram.r/prim_noinit.ram/DEVICE_7SERIES.NO_BMM_INFO.SDP.SIMPLE_PRIM18.ram/ADDRARDADDR[9] (net: base_zynq_design_i/nuraghe_soc_1/inst/hwce_wrap_i/hwce_top_i/weights_mem_dp_wrap_i/banks_gen[0].bank_1024_gen.tcdm_bank_i/U0/inst_blk_mem_gen/gnbram.gnativebmg.native_blk_mem_gen/valid.cstr/ramloop[0].ram.r/prim_noinit.ram/addra[5]) which is driven by a register (base_zynq_design_i/nuraghe_soc_1/inst/dmac_wei_wrap_i/mchan0_per_i/tcdm_unit_i/beat_queue_rx[0].tcdm_beat_queue_rx_i/Pop_Pointer_CS_reg[0]) that has an active asychronous set or reset. This may cause corruption of the memory contents and/or read values when the set/reset is asserted and is not analyzed by the default static timing analysis. It is suggested to eliminate the use of a set/reset to registers driving this RAMB pin or else use a synchronous reset in which the assertion of the reset is timed by default.
Related violations: <none>

RTSTAT-10#1 Warning
No routable loads  
172 net(s) have no routable loads. The problem bus(es) and/or net(s) are base_zynq_design_i/axi_dwidth_converter_0/inst/gen_downsizer.gen_cascaded_downsizer.gen_axi3_conv.axi3_conv_inst/gen_axi4_axi3.axi3_conv_inst/USE_READ.USE_SPLIT_R.read_addr_inst/USE_R_CHANNEL.cmd_queue/inst/fifo_gen_inst/inst_fifo_gen/gconvfifo.rf/grf.rf/gntv_or_sync_fifo.gl0.rd/gr1.gr1_int.rfwft/aempty_fwft_i, base_zynq_design_i/axi_protocol_converter_0/inst/gen_axi4_axi3.axi3_conv_inst/USE_READ.USE_SPLIT_R.read_addr_inst/USE_R_CHANNEL.cmd_queue/inst/fifo_gen_inst/inst_fifo_gen/gconvfifo.rf/grf.rf/gntv_or_sync_fifo.gl0.rd/gr1.gr1_int.rfwft/aempty_fwft_i, base_zynq_design_i/axi_protocol_converter_4/inst/gen_axi4_axi3.axi3_conv_inst/USE_WRITE.write_addr_inst/USE_B_CHANNEL.cmd_b_queue/inst/fifo_gen_inst/inst_fifo_gen/gconvfifo.rf/grf.rf/gntv_or_sync_fifo.gl0.rd/gr1.gr1_int.rfwft/aempty_fwft_i, base_zynq_design_i/axi_protocol_converter_0/inst/gen_axi4_axi3.axi3_conv_inst/USE_WRITE.write_addr_inst/USE_BURSTS.cmd_queue/inst/fifo_gen_inst/inst_fifo_gen/gconvfifo.rf/grf.rf/gntv_or_sync_fifo.gl0.rd/gr1.gr1_int.rfwft/aempty_fwft_i, base_zynq_design_i/axi_dwidth_converter_0/inst/gen_downsizer.gen_cascaded_downsizer.gen_axi3_conv.axi3_conv_inst/gen_axi4_axi3.axi3_conv_inst/USE_WRITE.write_addr_inst/USE_B_CHANNEL.cmd_b_queue/inst/fifo_gen_inst/inst_fifo_gen/gconvfifo.rf/grf.rf/gntv_or_sync_fifo.gl0.rd/gr1.gr1_int.rfwft/aempty_fwft_i, base_zynq_design_i/processing_system7_0_axi_periph/m00_couplers/auto_ds/inst/gen_downsizer.gen_simple_downsizer.axi_downsizer_inst/USE_READ.read_addr_inst/cmd_queue/inst/fifo_gen_inst/inst_fifo_gen/gconvfifo.rf/grf.rf/gntv_or_sync_fifo.gl0.rd/gr1.gr1_int.rfwft/aempty_fwft_i, base_zynq_design_i/axi_protocol_converter_4/inst/gen_axi4_axi3.axi3_conv_inst/USE_WRITE.write_addr_inst/USE_BURSTS.cmd_queue/inst/fifo_gen_inst/inst_fifo_gen/gconvfifo.rf/grf.rf/gntv_or_sync_fifo.gl0.rd/gr1.gr1_int.rfwft/aempty_fwft_i, base_zynq_design_i/axi_protocol_converter_0/inst/gen_axi4_axi3.axi3_conv_inst/USE_WRITE.write_addr_inst/USE_B_CHANNEL.cmd_b_queue/inst/fifo_gen_inst/inst_fifo_gen/gconvfifo.rf/grf.rf/gntv_or_sync_fifo.gl0.rd/gr1.gr1_int.rfwft/aempty_fwft_i, base_zynq_design_i/axi_protocol_converter_1/inst/gen_axi4_axi3.axi3_conv_inst/USE_READ.USE_SPLIT_R.read_addr_inst/USE_R_CHANNEL.cmd_queue/inst/fifo_gen_inst/inst_fifo_gen/gconvfifo.rf/grf.rf/gntv_or_sync_fifo.gl0.rd/gr1.gr1_int.rfwft/aempty_fwft_i, base_zynq_design_i/axi_dwidth_converter_0/inst/gen_downsizer.gen_cascaded_downsizer.gen_axi3_conv.axi3_conv_inst/gen_axi4_axi3.axi3_conv_inst/USE_WRITE.write_addr_inst/USE_BURSTS.cmd_queue/inst/fifo_gen_inst/inst_fifo_gen/gconvfifo.rf/grf.rf/gntv_or_sync_fifo.gl0.rd/gr1.gr1_int.rfwft/aempty_fwft_i, base_zynq_design_i/axi_protocol_converter_1/inst/gen_axi4_axi3.axi3_conv_inst/USE_WRITE.write_addr_inst/USE_BURSTS.cmd_queue/inst/fifo_gen_inst/inst_fifo_gen/gconvfifo.rf/grf.rf/gntv_or_sync_fifo.gl0.rd/gr1.gr1_int.rfwft/aempty_fwft_i, base_zynq_design_i/axi_protocol_converter_4/inst/gen_axi4_axi3.axi3_conv_inst/USE_READ.USE_SPLIT_R.read_addr_inst/USE_R_CHANNEL.cmd_queue/inst/fifo_gen_inst/inst_fifo_gen/gconvfifo.rf/grf.rf/gntv_or_sync_fifo.gl0.rd/gr1.gr1_int.rfwft/aempty_fwft_i, base_zynq_design_i/processing_system7_0_axi_periph/m00_couplers/auto_ds/inst/gen_downsizer.gen_simple_downsizer.axi_downsizer_inst/USE_WRITE.write_addr_inst/USE_B_CHANNEL.cmd_b_queue/inst/fifo_gen_inst/inst_fifo_gen/gconvfifo.rf/grf.rf/gntv_or_sync_fifo.gl0.rd/gr1.gr1_int.rfwft/aempty_fwft_i, base_zynq_design_i/axi_protocol_converter_1/inst/gen_axi4_axi3.axi3_conv_inst/USE_WRITE.write_addr_inst/USE_B_CHANNEL.cmd_b_queue/inst/fifo_gen_inst/inst_fifo_gen/gconvfifo.rf/grf.rf/gntv_or_sync_fifo.gl0.rd/gr1.gr1_int.rfwft/aempty_fwft_i, base_zynq_design_i/axi_protocol_converter_3/inst/gen_axi4_axi3.axi3_conv_inst/USE_WRITE.write_addr_inst/USE_B_CHANNEL.cmd_b_queue/inst/fifo_gen_inst/inst_fifo_gen/gconvfifo.rf/grf.rf/gntv_or_sync_fifo.gl0.rd/gr1.gr1_int.rfwft/aempty_fwft_i (the first 15 of 172 listed).
Related violations: <none>


