Copyright 1986-2017 Xilinx, Inc. All Rights Reserved.
------------------------------------------------------------------------------------
| Tool Version : Vivado v.2017.1 (lin64) Build 1846317 Fri Apr 14 18:54:47 MDT 2017
| Date         : Mon Sep 16 18:33:00 2019
| Host         : mcarr running 64-bit Ubuntu 16.04.6 LTS
| Command      : report_drc -file base_zynq_design_wrapper_drc_opted.rpt
| Design       : base_zynq_design_wrapper
| Device       : xc7z045ffg900-2
| Speed File   : -2
| Design State : Synthesized
------------------------------------------------------------------------------------

Report DRC

Table of Contents
-----------------
1. REPORT SUMMARY
2. REPORT DETAILS

1. REPORT SUMMARY
-----------------
            Netlist: netlist
          Floorplan: design_1
      Design limits: <entire design considered>
           Ruledeck: default
             Max violations: <unlimited>
             Violations found: 42
+-----------+----------+----------------------------+------------+
| Rule      | Severity | Description                | Violations |
+-----------+----------+----------------------------+------------+
| CHECK-3   | Warning  | Report rule limit reached  | 2          |
| REQP-1839 | Warning  | RAMB36 async control check | 20         |
| REQP-1840 | Warning  | RAMB18 async control check | 20         |
+-----------+----------+----------------------------+------------+

2. REPORT DETAILS
-----------------
CHECK-3#1 Warning
Report rule limit reached  
REQP-1839 rule limit reached: 20 violations have been found.
Related violations: <none>

CHECK-3#2 Warning
Report rule limit reached  
REQP-1840 rule limit reached: 20 violations have been found.
Related violations: <none>

REQP-1839#1 Warning
RAMB36 async control check  
The RAMB36E1 base_zynq_design_i/nuraghe_soc_1/inst/core_data_memory_i/mem_i/U0/inst_blk_mem_gen/gnativebmg.native_blk_mem_gen/valid.cstr/ramloop[0].ram.r/prim_noinit.ram/DEVICE_7SERIES.NO_BMM_INFO.TRUE_DP.SIMPLE_PRIM36.ram has an input control pin base_zynq_design_i/nuraghe_soc_1/inst/core_data_memory_i/mem_i/U0/inst_blk_mem_gen/gnativebmg.native_blk_mem_gen/valid.cstr/ramloop[0].ram.r/prim_noinit.ram/DEVICE_7SERIES.NO_BMM_INFO.TRUE_DP.SIMPLE_PRIM36.ram/ADDRARDADDR[13] (net: base_zynq_design_i/nuraghe_soc_1/inst/core_data_memory_i/mem_i/U0/inst_blk_mem_gen/gnativebmg.native_blk_mem_gen/valid.cstr/ramloop[0].ram.r/prim_noinit.ram/addra[10]) which is driven by a register (base_zynq_design_i/nuraghe_soc_1/inst/axi2per_datamem_i/axi2per_i/aw_buffer_i/buffer_i/buffer_reg[1][28]) that has an active asychronous set or reset. This may cause corruption of the memory contents and/or read values when the set/reset is asserted and is not analyzed by the default static timing analysis. It is suggested to eliminate the use of a set/reset to registers driving this RAMB pin or else use a synchronous reset in which the assertion of the reset is timed by default.
Related violations: <none>

REQP-1839#2 Warning
RAMB36 async control check  
The RAMB36E1 base_zynq_design_i/nuraghe_soc_1/inst/core_data_memory_i/mem_i/U0/inst_blk_mem_gen/gnativebmg.native_blk_mem_gen/valid.cstr/ramloop[0].ram.r/prim_noinit.ram/DEVICE_7SERIES.NO_BMM_INFO.TRUE_DP.SIMPLE_PRIM36.ram has an input control pin base_zynq_design_i/nuraghe_soc_1/inst/core_data_memory_i/mem_i/U0/inst_blk_mem_gen/gnativebmg.native_blk_mem_gen/valid.cstr/ramloop[0].ram.r/prim_noinit.ram/DEVICE_7SERIES.NO_BMM_INFO.TRUE_DP.SIMPLE_PRIM36.ram/ADDRARDADDR[13] (net: base_zynq_design_i/nuraghe_soc_1/inst/core_data_memory_i/mem_i/U0/inst_blk_mem_gen/gnativebmg.native_blk_mem_gen/valid.cstr/ramloop[0].ram.r/prim_noinit.ram/addra[10]) which is driven by a register (base_zynq_design_i/nuraghe_soc_1/inst/axi2per_datamem_i/axi2per_i/aw_buffer_i/buffer_i/elements_reg[0]) that has an active asychronous set or reset. This may cause corruption of the memory contents and/or read values when the set/reset is asserted and is not analyzed by the default static timing analysis. It is suggested to eliminate the use of a set/reset to registers driving this RAMB pin or else use a synchronous reset in which the assertion of the reset is timed by default.
Related violations: <none>

REQP-1839#3 Warning
RAMB36 async control check  
The RAMB36E1 base_zynq_design_i/nuraghe_soc_1/inst/core_data_memory_i/mem_i/U0/inst_blk_mem_gen/gnativebmg.native_blk_mem_gen/valid.cstr/ramloop[0].ram.r/prim_noinit.ram/DEVICE_7SERIES.NO_BMM_INFO.TRUE_DP.SIMPLE_PRIM36.ram has an input control pin base_zynq_design_i/nuraghe_soc_1/inst/core_data_memory_i/mem_i/U0/inst_blk_mem_gen/gnativebmg.native_blk_mem_gen/valid.cstr/ramloop[0].ram.r/prim_noinit.ram/DEVICE_7SERIES.NO_BMM_INFO.TRUE_DP.SIMPLE_PRIM36.ram/ADDRARDADDR[13] (net: base_zynq_design_i/nuraghe_soc_1/inst/core_data_memory_i/mem_i/U0/inst_blk_mem_gen/gnativebmg.native_blk_mem_gen/valid.cstr/ramloop[0].ram.r/prim_noinit.ram/addra[10]) which is driven by a register (base_zynq_design_i/nuraghe_soc_1/inst/axi2per_datamem_i/axi2per_i/aw_buffer_i/buffer_i/elements_reg[1]) that has an active asychronous set or reset. This may cause corruption of the memory contents and/or read values when the set/reset is asserted and is not analyzed by the default static timing analysis. It is suggested to eliminate the use of a set/reset to registers driving this RAMB pin or else use a synchronous reset in which the assertion of the reset is timed by default.
Related violations: <none>

REQP-1839#4 Warning
RAMB36 async control check  
The RAMB36E1 base_zynq_design_i/nuraghe_soc_1/inst/core_data_memory_i/mem_i/U0/inst_blk_mem_gen/gnativebmg.native_blk_mem_gen/valid.cstr/ramloop[0].ram.r/prim_noinit.ram/DEVICE_7SERIES.NO_BMM_INFO.TRUE_DP.SIMPLE_PRIM36.ram has an input control pin base_zynq_design_i/nuraghe_soc_1/inst/core_data_memory_i/mem_i/U0/inst_blk_mem_gen/gnativebmg.native_blk_mem_gen/valid.cstr/ramloop[0].ram.r/prim_noinit.ram/DEVICE_7SERIES.NO_BMM_INFO.TRUE_DP.SIMPLE_PRIM36.ram/ADDRARDADDR[13] (net: base_zynq_design_i/nuraghe_soc_1/inst/core_data_memory_i/mem_i/U0/inst_blk_mem_gen/gnativebmg.native_blk_mem_gen/valid.cstr/ramloop[0].ram.r/prim_noinit.ram/addra[10]) which is driven by a register (base_zynq_design_i/nuraghe_soc_1/inst/axi2per_datamem_i/axi2per_i/aw_buffer_i/buffer_i/pointer_out_reg[0]) that has an active asychronous set or reset. This may cause corruption of the memory contents and/or read values when the set/reset is asserted and is not analyzed by the default static timing analysis. It is suggested to eliminate the use of a set/reset to registers driving this RAMB pin or else use a synchronous reset in which the assertion of the reset is timed by default.
Related violations: <none>

REQP-1839#5 Warning
RAMB36 async control check  
The RAMB36E1 base_zynq_design_i/nuraghe_soc_1/inst/core_data_memory_i/mem_i/U0/inst_blk_mem_gen/gnativebmg.native_blk_mem_gen/valid.cstr/ramloop[0].ram.r/prim_noinit.ram/DEVICE_7SERIES.NO_BMM_INFO.TRUE_DP.SIMPLE_PRIM36.ram has an input control pin base_zynq_design_i/nuraghe_soc_1/inst/core_data_memory_i/mem_i/U0/inst_blk_mem_gen/gnativebmg.native_blk_mem_gen/valid.cstr/ramloop[0].ram.r/prim_noinit.ram/DEVICE_7SERIES.NO_BMM_INFO.TRUE_DP.SIMPLE_PRIM36.ram/ADDRARDADDR[13] (net: base_zynq_design_i/nuraghe_soc_1/inst/core_data_memory_i/mem_i/U0/inst_blk_mem_gen/gnativebmg.native_blk_mem_gen/valid.cstr/ramloop[0].ram.r/prim_noinit.ram/addra[10]) which is driven by a register (base_zynq_design_i/nuraghe_soc_1/inst/axi2per_datamem_i/axi2per_i/req_channel_i/CS_reg[0]) that has an active asychronous set or reset. This may cause corruption of the memory contents and/or read values when the set/reset is asserted and is not analyzed by the default static timing analysis. It is suggested to eliminate the use of a set/reset to registers driving this RAMB pin or else use a synchronous reset in which the assertion of the reset is timed by default.
Related violations: <none>

REQP-1839#6 Warning
RAMB36 async control check  
The RAMB36E1 base_zynq_design_i/nuraghe_soc_1/inst/core_data_memory_i/mem_i/U0/inst_blk_mem_gen/gnativebmg.native_blk_mem_gen/valid.cstr/ramloop[0].ram.r/prim_noinit.ram/DEVICE_7SERIES.NO_BMM_INFO.TRUE_DP.SIMPLE_PRIM36.ram has an input control pin base_zynq_design_i/nuraghe_soc_1/inst/core_data_memory_i/mem_i/U0/inst_blk_mem_gen/gnativebmg.native_blk_mem_gen/valid.cstr/ramloop[0].ram.r/prim_noinit.ram/DEVICE_7SERIES.NO_BMM_INFO.TRUE_DP.SIMPLE_PRIM36.ram/ADDRARDADDR[13] (net: base_zynq_design_i/nuraghe_soc_1/inst/core_data_memory_i/mem_i/U0/inst_blk_mem_gen/gnativebmg.native_blk_mem_gen/valid.cstr/ramloop[0].ram.r/prim_noinit.ram/addra[10]) which is driven by a register (base_zynq_design_i/nuraghe_soc_1/inst/axi2per_datamem_i/axi2per_i/w_buffer_i/buffer_i/elements_reg[0]) that has an active asychronous set or reset. This may cause corruption of the memory contents and/or read values when the set/reset is asserted and is not analyzed by the default static timing analysis. It is suggested to eliminate the use of a set/reset to registers driving this RAMB pin or else use a synchronous reset in which the assertion of the reset is timed by default.
Related violations: <none>

REQP-1839#7 Warning
RAMB36 async control check  
The RAMB36E1 base_zynq_design_i/nuraghe_soc_1/inst/core_data_memory_i/mem_i/U0/inst_blk_mem_gen/gnativebmg.native_blk_mem_gen/valid.cstr/ramloop[0].ram.r/prim_noinit.ram/DEVICE_7SERIES.NO_BMM_INFO.TRUE_DP.SIMPLE_PRIM36.ram has an input control pin base_zynq_design_i/nuraghe_soc_1/inst/core_data_memory_i/mem_i/U0/inst_blk_mem_gen/gnativebmg.native_blk_mem_gen/valid.cstr/ramloop[0].ram.r/prim_noinit.ram/DEVICE_7SERIES.NO_BMM_INFO.TRUE_DP.SIMPLE_PRIM36.ram/ADDRARDADDR[13] (net: base_zynq_design_i/nuraghe_soc_1/inst/core_data_memory_i/mem_i/U0/inst_blk_mem_gen/gnativebmg.native_blk_mem_gen/valid.cstr/ramloop[0].ram.r/prim_noinit.ram/addra[10]) which is driven by a register (base_zynq_design_i/nuraghe_soc_1/inst/axi2per_datamem_i/axi2per_i/w_buffer_i/buffer_i/elements_reg[1]) that has an active asychronous set or reset. This may cause corruption of the memory contents and/or read values when the set/reset is asserted and is not analyzed by the default static timing analysis. It is suggested to eliminate the use of a set/reset to registers driving this RAMB pin or else use a synchronous reset in which the assertion of the reset is timed by default.
Related violations: <none>

REQP-1839#8 Warning
RAMB36 async control check  
The RAMB36E1 base_zynq_design_i/nuraghe_soc_1/inst/core_data_memory_i/mem_i/U0/inst_blk_mem_gen/gnativebmg.native_blk_mem_gen/valid.cstr/ramloop[0].ram.r/prim_noinit.ram/DEVICE_7SERIES.NO_BMM_INFO.TRUE_DP.SIMPLE_PRIM36.ram has an input control pin base_zynq_design_i/nuraghe_soc_1/inst/core_data_memory_i/mem_i/U0/inst_blk_mem_gen/gnativebmg.native_blk_mem_gen/valid.cstr/ramloop[0].ram.r/prim_noinit.ram/DEVICE_7SERIES.NO_BMM_INFO.TRUE_DP.SIMPLE_PRIM36.ram/ADDRARDADDR[14] (net: base_zynq_design_i/nuraghe_soc_1/inst/core_data_memory_i/mem_i/U0/inst_blk_mem_gen/gnativebmg.native_blk_mem_gen/valid.cstr/ramloop[0].ram.r/prim_noinit.ram/addra[11]) which is driven by a register (base_zynq_design_i/nuraghe_soc_1/inst/axi2per_datamem_i/axi2per_i/ar_buffer_i/buffer_i/buffer_reg[0][29]) that has an active asychronous set or reset. This may cause corruption of the memory contents and/or read values when the set/reset is asserted and is not analyzed by the default static timing analysis. It is suggested to eliminate the use of a set/reset to registers driving this RAMB pin or else use a synchronous reset in which the assertion of the reset is timed by default.
Related violations: <none>

REQP-1839#9 Warning
RAMB36 async control check  
The RAMB36E1 base_zynq_design_i/nuraghe_soc_1/inst/core_data_memory_i/mem_i/U0/inst_blk_mem_gen/gnativebmg.native_blk_mem_gen/valid.cstr/ramloop[0].ram.r/prim_noinit.ram/DEVICE_7SERIES.NO_BMM_INFO.TRUE_DP.SIMPLE_PRIM36.ram has an input control pin base_zynq_design_i/nuraghe_soc_1/inst/core_data_memory_i/mem_i/U0/inst_blk_mem_gen/gnativebmg.native_blk_mem_gen/valid.cstr/ramloop[0].ram.r/prim_noinit.ram/DEVICE_7SERIES.NO_BMM_INFO.TRUE_DP.SIMPLE_PRIM36.ram/ADDRARDADDR[14] (net: base_zynq_design_i/nuraghe_soc_1/inst/core_data_memory_i/mem_i/U0/inst_blk_mem_gen/gnativebmg.native_blk_mem_gen/valid.cstr/ramloop[0].ram.r/prim_noinit.ram/addra[11]) which is driven by a register (base_zynq_design_i/nuraghe_soc_1/inst/axi2per_datamem_i/axi2per_i/ar_buffer_i/buffer_i/buffer_reg[1][29]) that has an active asychronous set or reset. This may cause corruption of the memory contents and/or read values when the set/reset is asserted and is not analyzed by the default static timing analysis. It is suggested to eliminate the use of a set/reset to registers driving this RAMB pin or else use a synchronous reset in which the assertion of the reset is timed by default.
Related violations: <none>

REQP-1839#10 Warning
RAMB36 async control check  
The RAMB36E1 base_zynq_design_i/nuraghe_soc_1/inst/core_data_memory_i/mem_i/U0/inst_blk_mem_gen/gnativebmg.native_blk_mem_gen/valid.cstr/ramloop[0].ram.r/prim_noinit.ram/DEVICE_7SERIES.NO_BMM_INFO.TRUE_DP.SIMPLE_PRIM36.ram has an input control pin base_zynq_design_i/nuraghe_soc_1/inst/core_data_memory_i/mem_i/U0/inst_blk_mem_gen/gnativebmg.native_blk_mem_gen/valid.cstr/ramloop[0].ram.r/prim_noinit.ram/DEVICE_7SERIES.NO_BMM_INFO.TRUE_DP.SIMPLE_PRIM36.ram/ADDRARDADDR[14] (net: base_zynq_design_i/nuraghe_soc_1/inst/core_data_memory_i/mem_i/U0/inst_blk_mem_gen/gnativebmg.native_blk_mem_gen/valid.cstr/ramloop[0].ram.r/prim_noinit.ram/addra[11]) which is driven by a register (base_zynq_design_i/nuraghe_soc_1/inst/axi2per_datamem_i/axi2per_i/ar_buffer_i/buffer_i/elements_reg[0]) that has an active asychronous set or reset. This may cause corruption of the memory contents and/or read values when the set/reset is asserted and is not analyzed by the default static timing analysis. It is suggested to eliminate the use of a set/reset to registers driving this RAMB pin or else use a synchronous reset in which the assertion of the reset is timed by default.
Related violations: <none>

REQP-1839#11 Warning
RAMB36 async control check  
The RAMB36E1 base_zynq_design_i/nuraghe_soc_1/inst/core_data_memory_i/mem_i/U0/inst_blk_mem_gen/gnativebmg.native_blk_mem_gen/valid.cstr/ramloop[0].ram.r/prim_noinit.ram/DEVICE_7SERIES.NO_BMM_INFO.TRUE_DP.SIMPLE_PRIM36.ram has an input control pin base_zynq_design_i/nuraghe_soc_1/inst/core_data_memory_i/mem_i/U0/inst_blk_mem_gen/gnativebmg.native_blk_mem_gen/valid.cstr/ramloop[0].ram.r/prim_noinit.ram/DEVICE_7SERIES.NO_BMM_INFO.TRUE_DP.SIMPLE_PRIM36.ram/ADDRARDADDR[14] (net: base_zynq_design_i/nuraghe_soc_1/inst/core_data_memory_i/mem_i/U0/inst_blk_mem_gen/gnativebmg.native_blk_mem_gen/valid.cstr/ramloop[0].ram.r/prim_noinit.ram/addra[11]) which is driven by a register (base_zynq_design_i/nuraghe_soc_1/inst/axi2per_datamem_i/axi2per_i/ar_buffer_i/buffer_i/elements_reg[1]) that has an active asychronous set or reset. This may cause corruption of the memory contents and/or read values when the set/reset is asserted and is not analyzed by the default static timing analysis. It is suggested to eliminate the use of a set/reset to registers driving this RAMB pin or else use a synchronous reset in which the assertion of the reset is timed by default.
Related violations: <none>

REQP-1839#12 Warning
RAMB36 async control check  
The RAMB36E1 base_zynq_design_i/nuraghe_soc_1/inst/core_data_memory_i/mem_i/U0/inst_blk_mem_gen/gnativebmg.native_blk_mem_gen/valid.cstr/ramloop[0].ram.r/prim_noinit.ram/DEVICE_7SERIES.NO_BMM_INFO.TRUE_DP.SIMPLE_PRIM36.ram has an input control pin base_zynq_design_i/nuraghe_soc_1/inst/core_data_memory_i/mem_i/U0/inst_blk_mem_gen/gnativebmg.native_blk_mem_gen/valid.cstr/ramloop[0].ram.r/prim_noinit.ram/DEVICE_7SERIES.NO_BMM_INFO.TRUE_DP.SIMPLE_PRIM36.ram/ADDRARDADDR[14] (net: base_zynq_design_i/nuraghe_soc_1/inst/core_data_memory_i/mem_i/U0/inst_blk_mem_gen/gnativebmg.native_blk_mem_gen/valid.cstr/ramloop[0].ram.r/prim_noinit.ram/addra[11]) which is driven by a register (base_zynq_design_i/nuraghe_soc_1/inst/axi2per_datamem_i/axi2per_i/ar_buffer_i/buffer_i/pointer_out_reg[0]) that has an active asychronous set or reset. This may cause corruption of the memory contents and/or read values when the set/reset is asserted and is not analyzed by the default static timing analysis. It is suggested to eliminate the use of a set/reset to registers driving this RAMB pin or else use a synchronous reset in which the assertion of the reset is timed by default.
Related violations: <none>

REQP-1839#13 Warning
RAMB36 async control check  
The RAMB36E1 base_zynq_design_i/nuraghe_soc_1/inst/core_data_memory_i/mem_i/U0/inst_blk_mem_gen/gnativebmg.native_blk_mem_gen/valid.cstr/ramloop[0].ram.r/prim_noinit.ram/DEVICE_7SERIES.NO_BMM_INFO.TRUE_DP.SIMPLE_PRIM36.ram has an input control pin base_zynq_design_i/nuraghe_soc_1/inst/core_data_memory_i/mem_i/U0/inst_blk_mem_gen/gnativebmg.native_blk_mem_gen/valid.cstr/ramloop[0].ram.r/prim_noinit.ram/DEVICE_7SERIES.NO_BMM_INFO.TRUE_DP.SIMPLE_PRIM36.ram/ADDRARDADDR[14] (net: base_zynq_design_i/nuraghe_soc_1/inst/core_data_memory_i/mem_i/U0/inst_blk_mem_gen/gnativebmg.native_blk_mem_gen/valid.cstr/ramloop[0].ram.r/prim_noinit.ram/addra[11]) which is driven by a register (base_zynq_design_i/nuraghe_soc_1/inst/axi2per_datamem_i/axi2per_i/aw_buffer_i/buffer_i/buffer_reg[0][29]) that has an active asychronous set or reset. This may cause corruption of the memory contents and/or read values when the set/reset is asserted and is not analyzed by the default static timing analysis. It is suggested to eliminate the use of a set/reset to registers driving this RAMB pin or else use a synchronous reset in which the assertion of the reset is timed by default.
Related violations: <none>

REQP-1839#14 Warning
RAMB36 async control check  
The RAMB36E1 base_zynq_design_i/nuraghe_soc_1/inst/core_data_memory_i/mem_i/U0/inst_blk_mem_gen/gnativebmg.native_blk_mem_gen/valid.cstr/ramloop[0].ram.r/prim_noinit.ram/DEVICE_7SERIES.NO_BMM_INFO.TRUE_DP.SIMPLE_PRIM36.ram has an input control pin base_zynq_design_i/nuraghe_soc_1/inst/core_data_memory_i/mem_i/U0/inst_blk_mem_gen/gnativebmg.native_blk_mem_gen/valid.cstr/ramloop[0].ram.r/prim_noinit.ram/DEVICE_7SERIES.NO_BMM_INFO.TRUE_DP.SIMPLE_PRIM36.ram/ADDRARDADDR[14] (net: base_zynq_design_i/nuraghe_soc_1/inst/core_data_memory_i/mem_i/U0/inst_blk_mem_gen/gnativebmg.native_blk_mem_gen/valid.cstr/ramloop[0].ram.r/prim_noinit.ram/addra[11]) which is driven by a register (base_zynq_design_i/nuraghe_soc_1/inst/axi2per_datamem_i/axi2per_i/aw_buffer_i/buffer_i/buffer_reg[1][29]) that has an active asychronous set or reset. This may cause corruption of the memory contents and/or read values when the set/reset is asserted and is not analyzed by the default static timing analysis. It is suggested to eliminate the use of a set/reset to registers driving this RAMB pin or else use a synchronous reset in which the assertion of the reset is timed by default.
Related violations: <none>

REQP-1839#15 Warning
RAMB36 async control check  
The RAMB36E1 base_zynq_design_i/nuraghe_soc_1/inst/core_data_memory_i/mem_i/U0/inst_blk_mem_gen/gnativebmg.native_blk_mem_gen/valid.cstr/ramloop[0].ram.r/prim_noinit.ram/DEVICE_7SERIES.NO_BMM_INFO.TRUE_DP.SIMPLE_PRIM36.ram has an input control pin base_zynq_design_i/nuraghe_soc_1/inst/core_data_memory_i/mem_i/U0/inst_blk_mem_gen/gnativebmg.native_blk_mem_gen/valid.cstr/ramloop[0].ram.r/prim_noinit.ram/DEVICE_7SERIES.NO_BMM_INFO.TRUE_DP.SIMPLE_PRIM36.ram/ADDRARDADDR[14] (net: base_zynq_design_i/nuraghe_soc_1/inst/core_data_memory_i/mem_i/U0/inst_blk_mem_gen/gnativebmg.native_blk_mem_gen/valid.cstr/ramloop[0].ram.r/prim_noinit.ram/addra[11]) which is driven by a register (base_zynq_design_i/nuraghe_soc_1/inst/axi2per_datamem_i/axi2per_i/aw_buffer_i/buffer_i/elements_reg[0]) that has an active asychronous set or reset. This may cause corruption of the memory contents and/or read values when the set/reset is asserted and is not analyzed by the default static timing analysis. It is suggested to eliminate the use of a set/reset to registers driving this RAMB pin or else use a synchronous reset in which the assertion of the reset is timed by default.
Related violations: <none>

REQP-1839#16 Warning
RAMB36 async control check  
The RAMB36E1 base_zynq_design_i/nuraghe_soc_1/inst/core_data_memory_i/mem_i/U0/inst_blk_mem_gen/gnativebmg.native_blk_mem_gen/valid.cstr/ramloop[0].ram.r/prim_noinit.ram/DEVICE_7SERIES.NO_BMM_INFO.TRUE_DP.SIMPLE_PRIM36.ram has an input control pin base_zynq_design_i/nuraghe_soc_1/inst/core_data_memory_i/mem_i/U0/inst_blk_mem_gen/gnativebmg.native_blk_mem_gen/valid.cstr/ramloop[0].ram.r/prim_noinit.ram/DEVICE_7SERIES.NO_BMM_INFO.TRUE_DP.SIMPLE_PRIM36.ram/ADDRARDADDR[14] (net: base_zynq_design_i/nuraghe_soc_1/inst/core_data_memory_i/mem_i/U0/inst_blk_mem_gen/gnativebmg.native_blk_mem_gen/valid.cstr/ramloop[0].ram.r/prim_noinit.ram/addra[11]) which is driven by a register (base_zynq_design_i/nuraghe_soc_1/inst/axi2per_datamem_i/axi2per_i/aw_buffer_i/buffer_i/elements_reg[1]) that has an active asychronous set or reset. This may cause corruption of the memory contents and/or read values when the set/reset is asserted and is not analyzed by the default static timing analysis. It is suggested to eliminate the use of a set/reset to registers driving this RAMB pin or else use a synchronous reset in which the assertion of the reset is timed by default.
Related violations: <none>

REQP-1839#17 Warning
RAMB36 async control check  
The RAMB36E1 base_zynq_design_i/nuraghe_soc_1/inst/core_data_memory_i/mem_i/U0/inst_blk_mem_gen/gnativebmg.native_blk_mem_gen/valid.cstr/ramloop[0].ram.r/prim_noinit.ram/DEVICE_7SERIES.NO_BMM_INFO.TRUE_DP.SIMPLE_PRIM36.ram has an input control pin base_zynq_design_i/nuraghe_soc_1/inst/core_data_memory_i/mem_i/U0/inst_blk_mem_gen/gnativebmg.native_blk_mem_gen/valid.cstr/ramloop[0].ram.r/prim_noinit.ram/DEVICE_7SERIES.NO_BMM_INFO.TRUE_DP.SIMPLE_PRIM36.ram/ADDRARDADDR[14] (net: base_zynq_design_i/nuraghe_soc_1/inst/core_data_memory_i/mem_i/U0/inst_blk_mem_gen/gnativebmg.native_blk_mem_gen/valid.cstr/ramloop[0].ram.r/prim_noinit.ram/addra[11]) which is driven by a register (base_zynq_design_i/nuraghe_soc_1/inst/axi2per_datamem_i/axi2per_i/aw_buffer_i/buffer_i/pointer_out_reg[0]) that has an active asychronous set or reset. This may cause corruption of the memory contents and/or read values when the set/reset is asserted and is not analyzed by the default static timing analysis. It is suggested to eliminate the use of a set/reset to registers driving this RAMB pin or else use a synchronous reset in which the assertion of the reset is timed by default.
Related violations: <none>

REQP-1839#18 Warning
RAMB36 async control check  
The RAMB36E1 base_zynq_design_i/nuraghe_soc_1/inst/core_data_memory_i/mem_i/U0/inst_blk_mem_gen/gnativebmg.native_blk_mem_gen/valid.cstr/ramloop[0].ram.r/prim_noinit.ram/DEVICE_7SERIES.NO_BMM_INFO.TRUE_DP.SIMPLE_PRIM36.ram has an input control pin base_zynq_design_i/nuraghe_soc_1/inst/core_data_memory_i/mem_i/U0/inst_blk_mem_gen/gnativebmg.native_blk_mem_gen/valid.cstr/ramloop[0].ram.r/prim_noinit.ram/DEVICE_7SERIES.NO_BMM_INFO.TRUE_DP.SIMPLE_PRIM36.ram/ADDRARDADDR[14] (net: base_zynq_design_i/nuraghe_soc_1/inst/core_data_memory_i/mem_i/U0/inst_blk_mem_gen/gnativebmg.native_blk_mem_gen/valid.cstr/ramloop[0].ram.r/prim_noinit.ram/addra[11]) which is driven by a register (base_zynq_design_i/nuraghe_soc_1/inst/axi2per_datamem_i/axi2per_i/req_channel_i/CS_reg[0]) that has an active asychronous set or reset. This may cause corruption of the memory contents and/or read values when the set/reset is asserted and is not analyzed by the default static timing analysis. It is suggested to eliminate the use of a set/reset to registers driving this RAMB pin or else use a synchronous reset in which the assertion of the reset is timed by default.
Related violations: <none>

REQP-1839#19 Warning
RAMB36 async control check  
The RAMB36E1 base_zynq_design_i/nuraghe_soc_1/inst/core_data_memory_i/mem_i/U0/inst_blk_mem_gen/gnativebmg.native_blk_mem_gen/valid.cstr/ramloop[0].ram.r/prim_noinit.ram/DEVICE_7SERIES.NO_BMM_INFO.TRUE_DP.SIMPLE_PRIM36.ram has an input control pin base_zynq_design_i/nuraghe_soc_1/inst/core_data_memory_i/mem_i/U0/inst_blk_mem_gen/gnativebmg.native_blk_mem_gen/valid.cstr/ramloop[0].ram.r/prim_noinit.ram/DEVICE_7SERIES.NO_BMM_INFO.TRUE_DP.SIMPLE_PRIM36.ram/ADDRARDADDR[14] (net: base_zynq_design_i/nuraghe_soc_1/inst/core_data_memory_i/mem_i/U0/inst_blk_mem_gen/gnativebmg.native_blk_mem_gen/valid.cstr/ramloop[0].ram.r/prim_noinit.ram/addra[11]) which is driven by a register (base_zynq_design_i/nuraghe_soc_1/inst/axi2per_datamem_i/axi2per_i/w_buffer_i/buffer_i/elements_reg[0]) that has an active asychronous set or reset. This may cause corruption of the memory contents and/or read values when the set/reset is asserted and is not analyzed by the default static timing analysis. It is suggested to eliminate the use of a set/reset to registers driving this RAMB pin or else use a synchronous reset in which the assertion of the reset is timed by default.
Related violations: <none>

REQP-1839#20 Warning
RAMB36 async control check  
The RAMB36E1 base_zynq_design_i/nuraghe_soc_1/inst/core_data_memory_i/mem_i/U0/inst_blk_mem_gen/gnativebmg.native_blk_mem_gen/valid.cstr/ramloop[0].ram.r/prim_noinit.ram/DEVICE_7SERIES.NO_BMM_INFO.TRUE_DP.SIMPLE_PRIM36.ram has an input control pin base_zynq_design_i/nuraghe_soc_1/inst/core_data_memory_i/mem_i/U0/inst_blk_mem_gen/gnativebmg.native_blk_mem_gen/valid.cstr/ramloop[0].ram.r/prim_noinit.ram/DEVICE_7SERIES.NO_BMM_INFO.TRUE_DP.SIMPLE_PRIM36.ram/ADDRARDADDR[14] (net: base_zynq_design_i/nuraghe_soc_1/inst/core_data_memory_i/mem_i/U0/inst_blk_mem_gen/gnativebmg.native_blk_mem_gen/valid.cstr/ramloop[0].ram.r/prim_noinit.ram/addra[11]) which is driven by a register (base_zynq_design_i/nuraghe_soc_1/inst/axi2per_datamem_i/axi2per_i/w_buffer_i/buffer_i/elements_reg[1]) that has an active asychronous set or reset. This may cause corruption of the memory contents and/or read values when the set/reset is asserted and is not analyzed by the default static timing analysis. It is suggested to eliminate the use of a set/reset to registers driving this RAMB pin or else use a synchronous reset in which the assertion of the reset is timed by default.
Related violations: <none>

REQP-1840#1 Warning
RAMB18 async control check  
The RAMB18E1 base_zynq_design_i/nuraghe_soc_1/inst/tcdm_sram_island/bram_bank_gen[0].(null)[0].tcdm_bank_i_x/U0/inst_blk_mem_gen/gnbram.gnativebmg.native_blk_mem_gen/valid.cstr/ramloop[0].ram.r/prim_noinit.ram/DEVICE_7SERIES.NO_BMM_INFO.SDP.SIMPLE_PRIM18.ram has an input control pin base_zynq_design_i/nuraghe_soc_1/inst/tcdm_sram_island/bram_bank_gen[0].(null)[0].tcdm_bank_i_x/U0/inst_blk_mem_gen/gnbram.gnativebmg.native_blk_mem_gen/valid.cstr/ramloop[0].ram.r/prim_noinit.ram/DEVICE_7SERIES.NO_BMM_INFO.SDP.SIMPLE_PRIM18.ram/ADDRARDADDR[13] (net: base_zynq_design_i/nuraghe_soc_1/inst/tcdm_sram_island/bram_bank_gen[0].(null)[0].tcdm_bank_i_x/U0/inst_blk_mem_gen/gnbram.gnativebmg.native_blk_mem_gen/valid.cstr/ramloop[0].ram.r/prim_noinit.ram/addra[9]) which is driven by a register (base_zynq_design_i/nuraghe_soc_1/inst/dmac_wrap_i/mchan_i/tcdm_unit_i/beat_queue_rx[0].tcdm_beat_queue_rx_i/CS_reg[0]) that has an active asychronous set or reset. This may cause corruption of the memory contents and/or read values when the set/reset is asserted and is not analyzed by the default static timing analysis. It is suggested to eliminate the use of a set/reset to registers driving this RAMB pin or else use a synchronous reset in which the assertion of the reset is timed by default.
Related violations: <none>

REQP-1840#2 Warning
RAMB18 async control check  
The RAMB18E1 base_zynq_design_i/nuraghe_soc_1/inst/tcdm_sram_island/bram_bank_gen[0].(null)[0].tcdm_bank_i_x/U0/inst_blk_mem_gen/gnbram.gnativebmg.native_blk_mem_gen/valid.cstr/ramloop[0].ram.r/prim_noinit.ram/DEVICE_7SERIES.NO_BMM_INFO.SDP.SIMPLE_PRIM18.ram has an input control pin base_zynq_design_i/nuraghe_soc_1/inst/tcdm_sram_island/bram_bank_gen[0].(null)[0].tcdm_bank_i_x/U0/inst_blk_mem_gen/gnbram.gnativebmg.native_blk_mem_gen/valid.cstr/ramloop[0].ram.r/prim_noinit.ram/DEVICE_7SERIES.NO_BMM_INFO.SDP.SIMPLE_PRIM18.ram/ADDRARDADDR[13] (net: base_zynq_design_i/nuraghe_soc_1/inst/tcdm_sram_island/bram_bank_gen[0].(null)[0].tcdm_bank_i_x/U0/inst_blk_mem_gen/gnbram.gnativebmg.native_blk_mem_gen/valid.cstr/ramloop[0].ram.r/prim_noinit.ram/addra[9]) which is driven by a register (base_zynq_design_i/nuraghe_soc_1/inst/dmac_wrap_i/mchan_i/tcdm_unit_i/beat_queue_rx[0].tcdm_beat_queue_rx_i/CS_reg[1]) that has an active asychronous set or reset. This may cause corruption of the memory contents and/or read values when the set/reset is asserted and is not analyzed by the default static timing analysis. It is suggested to eliminate the use of a set/reset to registers driving this RAMB pin or else use a synchronous reset in which the assertion of the reset is timed by default.
Related violations: <none>

REQP-1840#3 Warning
RAMB18 async control check  
The RAMB18E1 base_zynq_design_i/nuraghe_soc_1/inst/tcdm_sram_island/bram_bank_gen[0].(null)[0].tcdm_bank_i_x/U0/inst_blk_mem_gen/gnbram.gnativebmg.native_blk_mem_gen/valid.cstr/ramloop[0].ram.r/prim_noinit.ram/DEVICE_7SERIES.NO_BMM_INFO.SDP.SIMPLE_PRIM18.ram has an input control pin base_zynq_design_i/nuraghe_soc_1/inst/tcdm_sram_island/bram_bank_gen[0].(null)[0].tcdm_bank_i_x/U0/inst_blk_mem_gen/gnbram.gnativebmg.native_blk_mem_gen/valid.cstr/ramloop[0].ram.r/prim_noinit.ram/DEVICE_7SERIES.NO_BMM_INFO.SDP.SIMPLE_PRIM18.ram/ADDRARDADDR[13] (net: base_zynq_design_i/nuraghe_soc_1/inst/tcdm_sram_island/bram_bank_gen[0].(null)[0].tcdm_bank_i_x/U0/inst_blk_mem_gen/gnbram.gnativebmg.native_blk_mem_gen/valid.cstr/ramloop[0].ram.r/prim_noinit.ram/addra[9]) which is driven by a register (base_zynq_design_i/nuraghe_soc_1/inst/dmac_wrap_i/mchan_i/tcdm_unit_i/beat_queue_rx[0].tcdm_beat_queue_rx_i/FIFO_REGISTERS_reg[0][13]) that has an active asychronous set or reset. This may cause corruption of the memory contents and/or read values when the set/reset is asserted and is not analyzed by the default static timing analysis. It is suggested to eliminate the use of a set/reset to registers driving this RAMB pin or else use a synchronous reset in which the assertion of the reset is timed by default.
Related violations: <none>

REQP-1840#4 Warning
RAMB18 async control check  
The RAMB18E1 base_zynq_design_i/nuraghe_soc_1/inst/tcdm_sram_island/bram_bank_gen[0].(null)[0].tcdm_bank_i_x/U0/inst_blk_mem_gen/gnbram.gnativebmg.native_blk_mem_gen/valid.cstr/ramloop[0].ram.r/prim_noinit.ram/DEVICE_7SERIES.NO_BMM_INFO.SDP.SIMPLE_PRIM18.ram has an input control pin base_zynq_design_i/nuraghe_soc_1/inst/tcdm_sram_island/bram_bank_gen[0].(null)[0].tcdm_bank_i_x/U0/inst_blk_mem_gen/gnbram.gnativebmg.native_blk_mem_gen/valid.cstr/ramloop[0].ram.r/prim_noinit.ram/DEVICE_7SERIES.NO_BMM_INFO.SDP.SIMPLE_PRIM18.ram/ADDRARDADDR[13] (net: base_zynq_design_i/nuraghe_soc_1/inst/tcdm_sram_island/bram_bank_gen[0].(null)[0].tcdm_bank_i_x/U0/inst_blk_mem_gen/gnbram.gnativebmg.native_blk_mem_gen/valid.cstr/ramloop[0].ram.r/prim_noinit.ram/addra[9]) which is driven by a register (base_zynq_design_i/nuraghe_soc_1/inst/dmac_wrap_i/mchan_i/tcdm_unit_i/beat_queue_rx[0].tcdm_beat_queue_rx_i/FIFO_REGISTERS_reg[0][14]) that has an active asychronous set or reset. This may cause corruption of the memory contents and/or read values when the set/reset is asserted and is not analyzed by the default static timing analysis. It is suggested to eliminate the use of a set/reset to registers driving this RAMB pin or else use a synchronous reset in which the assertion of the reset is timed by default.
Related violations: <none>

REQP-1840#5 Warning
RAMB18 async control check  
The RAMB18E1 base_zynq_design_i/nuraghe_soc_1/inst/tcdm_sram_island/bram_bank_gen[0].(null)[0].tcdm_bank_i_x/U0/inst_blk_mem_gen/gnbram.gnativebmg.native_blk_mem_gen/valid.cstr/ramloop[0].ram.r/prim_noinit.ram/DEVICE_7SERIES.NO_BMM_INFO.SDP.SIMPLE_PRIM18.ram has an input control pin base_zynq_design_i/nuraghe_soc_1/inst/tcdm_sram_island/bram_bank_gen[0].(null)[0].tcdm_bank_i_x/U0/inst_blk_mem_gen/gnbram.gnativebmg.native_blk_mem_gen/valid.cstr/ramloop[0].ram.r/prim_noinit.ram/DEVICE_7SERIES.NO_BMM_INFO.SDP.SIMPLE_PRIM18.ram/ADDRARDADDR[13] (net: base_zynq_design_i/nuraghe_soc_1/inst/tcdm_sram_island/bram_bank_gen[0].(null)[0].tcdm_bank_i_x/U0/inst_blk_mem_gen/gnbram.gnativebmg.native_blk_mem_gen/valid.cstr/ramloop[0].ram.r/prim_noinit.ram/addra[9]) which is driven by a register (base_zynq_design_i/nuraghe_soc_1/inst/dmac_wrap_i/mchan_i/tcdm_unit_i/beat_queue_rx[0].tcdm_beat_queue_rx_i/FIFO_REGISTERS_reg[0][15]) that has an active asychronous set or reset. This may cause corruption of the memory contents and/or read values when the set/reset is asserted and is not analyzed by the default static timing analysis. It is suggested to eliminate the use of a set/reset to registers driving this RAMB pin or else use a synchronous reset in which the assertion of the reset is timed by default.
Related violations: <none>

REQP-1840#6 Warning
RAMB18 async control check  
The RAMB18E1 base_zynq_design_i/nuraghe_soc_1/inst/tcdm_sram_island/bram_bank_gen[0].(null)[0].tcdm_bank_i_x/U0/inst_blk_mem_gen/gnbram.gnativebmg.native_blk_mem_gen/valid.cstr/ramloop[0].ram.r/prim_noinit.ram/DEVICE_7SERIES.NO_BMM_INFO.SDP.SIMPLE_PRIM18.ram has an input control pin base_zynq_design_i/nuraghe_soc_1/inst/tcdm_sram_island/bram_bank_gen[0].(null)[0].tcdm_bank_i_x/U0/inst_blk_mem_gen/gnbram.gnativebmg.native_blk_mem_gen/valid.cstr/ramloop[0].ram.r/prim_noinit.ram/DEVICE_7SERIES.NO_BMM_INFO.SDP.SIMPLE_PRIM18.ram/ADDRARDADDR[13] (net: base_zynq_design_i/nuraghe_soc_1/inst/tcdm_sram_island/bram_bank_gen[0].(null)[0].tcdm_bank_i_x/U0/inst_blk_mem_gen/gnbram.gnativebmg.native_blk_mem_gen/valid.cstr/ramloop[0].ram.r/prim_noinit.ram/addra[9]) which is driven by a register (base_zynq_design_i/nuraghe_soc_1/inst/dmac_wrap_i/mchan_i/tcdm_unit_i/beat_queue_rx[0].tcdm_beat_queue_rx_i/FIFO_REGISTERS_reg[0][16]) that has an active asychronous set or reset. This may cause corruption of the memory contents and/or read values when the set/reset is asserted and is not analyzed by the default static timing analysis. It is suggested to eliminate the use of a set/reset to registers driving this RAMB pin or else use a synchronous reset in which the assertion of the reset is timed by default.
Related violations: <none>

REQP-1840#7 Warning
RAMB18 async control check  
The RAMB18E1 base_zynq_design_i/nuraghe_soc_1/inst/tcdm_sram_island/bram_bank_gen[0].(null)[0].tcdm_bank_i_x/U0/inst_blk_mem_gen/gnbram.gnativebmg.native_blk_mem_gen/valid.cstr/ramloop[0].ram.r/prim_noinit.ram/DEVICE_7SERIES.NO_BMM_INFO.SDP.SIMPLE_PRIM18.ram has an input control pin base_zynq_design_i/nuraghe_soc_1/inst/tcdm_sram_island/bram_bank_gen[0].(null)[0].tcdm_bank_i_x/U0/inst_blk_mem_gen/gnbram.gnativebmg.native_blk_mem_gen/valid.cstr/ramloop[0].ram.r/prim_noinit.ram/DEVICE_7SERIES.NO_BMM_INFO.SDP.SIMPLE_PRIM18.ram/ADDRARDADDR[13] (net: base_zynq_design_i/nuraghe_soc_1/inst/tcdm_sram_island/bram_bank_gen[0].(null)[0].tcdm_bank_i_x/U0/inst_blk_mem_gen/gnbram.gnativebmg.native_blk_mem_gen/valid.cstr/ramloop[0].ram.r/prim_noinit.ram/addra[9]) which is driven by a register (base_zynq_design_i/nuraghe_soc_1/inst/dmac_wrap_i/mchan_i/tcdm_unit_i/beat_queue_rx[0].tcdm_beat_queue_rx_i/FIFO_REGISTERS_reg[0][17]) that has an active asychronous set or reset. This may cause corruption of the memory contents and/or read values when the set/reset is asserted and is not analyzed by the default static timing analysis. It is suggested to eliminate the use of a set/reset to registers driving this RAMB pin or else use a synchronous reset in which the assertion of the reset is timed by default.
Related violations: <none>

REQP-1840#8 Warning
RAMB18 async control check  
The RAMB18E1 base_zynq_design_i/nuraghe_soc_1/inst/tcdm_sram_island/bram_bank_gen[0].(null)[0].tcdm_bank_i_x/U0/inst_blk_mem_gen/gnbram.gnativebmg.native_blk_mem_gen/valid.cstr/ramloop[0].ram.r/prim_noinit.ram/DEVICE_7SERIES.NO_BMM_INFO.SDP.SIMPLE_PRIM18.ram has an input control pin base_zynq_design_i/nuraghe_soc_1/inst/tcdm_sram_island/bram_bank_gen[0].(null)[0].tcdm_bank_i_x/U0/inst_blk_mem_gen/gnbram.gnativebmg.native_blk_mem_gen/valid.cstr/ramloop[0].ram.r/prim_noinit.ram/DEVICE_7SERIES.NO_BMM_INFO.SDP.SIMPLE_PRIM18.ram/ADDRARDADDR[13] (net: base_zynq_design_i/nuraghe_soc_1/inst/tcdm_sram_island/bram_bank_gen[0].(null)[0].tcdm_bank_i_x/U0/inst_blk_mem_gen/gnbram.gnativebmg.native_blk_mem_gen/valid.cstr/ramloop[0].ram.r/prim_noinit.ram/addra[9]) which is driven by a register (base_zynq_design_i/nuraghe_soc_1/inst/dmac_wrap_i/mchan_i/tcdm_unit_i/beat_queue_rx[0].tcdm_beat_queue_rx_i/FIFO_REGISTERS_reg[0][18]) that has an active asychronous set or reset. This may cause corruption of the memory contents and/or read values when the set/reset is asserted and is not analyzed by the default static timing analysis. It is suggested to eliminate the use of a set/reset to registers driving this RAMB pin or else use a synchronous reset in which the assertion of the reset is timed by default.
Related violations: <none>

REQP-1840#9 Warning
RAMB18 async control check  
The RAMB18E1 base_zynq_design_i/nuraghe_soc_1/inst/tcdm_sram_island/bram_bank_gen[0].(null)[0].tcdm_bank_i_x/U0/inst_blk_mem_gen/gnbram.gnativebmg.native_blk_mem_gen/valid.cstr/ramloop[0].ram.r/prim_noinit.ram/DEVICE_7SERIES.NO_BMM_INFO.SDP.SIMPLE_PRIM18.ram has an input control pin base_zynq_design_i/nuraghe_soc_1/inst/tcdm_sram_island/bram_bank_gen[0].(null)[0].tcdm_bank_i_x/U0/inst_blk_mem_gen/gnbram.gnativebmg.native_blk_mem_gen/valid.cstr/ramloop[0].ram.r/prim_noinit.ram/DEVICE_7SERIES.NO_BMM_INFO.SDP.SIMPLE_PRIM18.ram/ADDRARDADDR[13] (net: base_zynq_design_i/nuraghe_soc_1/inst/tcdm_sram_island/bram_bank_gen[0].(null)[0].tcdm_bank_i_x/U0/inst_blk_mem_gen/gnbram.gnativebmg.native_blk_mem_gen/valid.cstr/ramloop[0].ram.r/prim_noinit.ram/addra[9]) which is driven by a register (base_zynq_design_i/nuraghe_soc_1/inst/dmac_wrap_i/mchan_i/tcdm_unit_i/beat_queue_rx[0].tcdm_beat_queue_rx_i/FIFO_REGISTERS_reg[0][20]) that has an active asychronous set or reset. This may cause corruption of the memory contents and/or read values when the set/reset is asserted and is not analyzed by the default static timing analysis. It is suggested to eliminate the use of a set/reset to registers driving this RAMB pin or else use a synchronous reset in which the assertion of the reset is timed by default.
Related violations: <none>

REQP-1840#10 Warning
RAMB18 async control check  
The RAMB18E1 base_zynq_design_i/nuraghe_soc_1/inst/tcdm_sram_island/bram_bank_gen[0].(null)[0].tcdm_bank_i_x/U0/inst_blk_mem_gen/gnbram.gnativebmg.native_blk_mem_gen/valid.cstr/ramloop[0].ram.r/prim_noinit.ram/DEVICE_7SERIES.NO_BMM_INFO.SDP.SIMPLE_PRIM18.ram has an input control pin base_zynq_design_i/nuraghe_soc_1/inst/tcdm_sram_island/bram_bank_gen[0].(null)[0].tcdm_bank_i_x/U0/inst_blk_mem_gen/gnbram.gnativebmg.native_blk_mem_gen/valid.cstr/ramloop[0].ram.r/prim_noinit.ram/DEVICE_7SERIES.NO_BMM_INFO.SDP.SIMPLE_PRIM18.ram/ADDRARDADDR[13] (net: base_zynq_design_i/nuraghe_soc_1/inst/tcdm_sram_island/bram_bank_gen[0].(null)[0].tcdm_bank_i_x/U0/inst_blk_mem_gen/gnbram.gnativebmg.native_blk_mem_gen/valid.cstr/ramloop[0].ram.r/prim_noinit.ram/addra[9]) which is driven by a register (base_zynq_design_i/nuraghe_soc_1/inst/dmac_wrap_i/mchan_i/trans_unit_i/trans_buffers_tcdm_i/rx_buffer[0].rx_buffer_i/CS_reg[0]) that has an active asychronous set or reset. This may cause corruption of the memory contents and/or read values when the set/reset is asserted and is not analyzed by the default static timing analysis. It is suggested to eliminate the use of a set/reset to registers driving this RAMB pin or else use a synchronous reset in which the assertion of the reset is timed by default.
Related violations: <none>

REQP-1840#11 Warning
RAMB18 async control check  
The RAMB18E1 base_zynq_design_i/nuraghe_soc_1/inst/tcdm_sram_island/bram_bank_gen[0].(null)[0].tcdm_bank_i_x/U0/inst_blk_mem_gen/gnbram.gnativebmg.native_blk_mem_gen/valid.cstr/ramloop[0].ram.r/prim_noinit.ram/DEVICE_7SERIES.NO_BMM_INFO.SDP.SIMPLE_PRIM18.ram has an input control pin base_zynq_design_i/nuraghe_soc_1/inst/tcdm_sram_island/bram_bank_gen[0].(null)[0].tcdm_bank_i_x/U0/inst_blk_mem_gen/gnbram.gnativebmg.native_blk_mem_gen/valid.cstr/ramloop[0].ram.r/prim_noinit.ram/DEVICE_7SERIES.NO_BMM_INFO.SDP.SIMPLE_PRIM18.ram/ADDRARDADDR[13] (net: base_zynq_design_i/nuraghe_soc_1/inst/tcdm_sram_island/bram_bank_gen[0].(null)[0].tcdm_bank_i_x/U0/inst_blk_mem_gen/gnbram.gnativebmg.native_blk_mem_gen/valid.cstr/ramloop[0].ram.r/prim_noinit.ram/addra[9]) which is driven by a register (base_zynq_design_i/nuraghe_soc_1/inst/dmac_wrap_i/mchan_i/trans_unit_i/trans_buffers_tcdm_i/rx_buffer[0].rx_buffer_i/CS_reg[1]) that has an active asychronous set or reset. This may cause corruption of the memory contents and/or read values when the set/reset is asserted and is not analyzed by the default static timing analysis. It is suggested to eliminate the use of a set/reset to registers driving this RAMB pin or else use a synchronous reset in which the assertion of the reset is timed by default.
Related violations: <none>

REQP-1840#12 Warning
RAMB18 async control check  
The RAMB18E1 base_zynq_design_i/nuraghe_soc_1/inst/tcdm_sram_island/bram_bank_gen[0].(null)[0].tcdm_bank_i_x/U0/inst_blk_mem_gen/gnbram.gnativebmg.native_blk_mem_gen/valid.cstr/ramloop[0].ram.r/prim_noinit.ram/DEVICE_7SERIES.NO_BMM_INFO.SDP.SIMPLE_PRIM18.ram has an input control pin base_zynq_design_i/nuraghe_soc_1/inst/tcdm_sram_island/bram_bank_gen[0].(null)[0].tcdm_bank_i_x/U0/inst_blk_mem_gen/gnbram.gnativebmg.native_blk_mem_gen/valid.cstr/ramloop[0].ram.r/prim_noinit.ram/DEVICE_7SERIES.NO_BMM_INFO.SDP.SIMPLE_PRIM18.ram/ADDRARDADDR[13] (net: base_zynq_design_i/nuraghe_soc_1/inst/tcdm_sram_island/bram_bank_gen[0].(null)[0].tcdm_bank_i_x/U0/inst_blk_mem_gen/gnbram.gnativebmg.native_blk_mem_gen/valid.cstr/ramloop[0].ram.r/prim_noinit.ram/addra[9]) which is driven by a register (base_zynq_design_i/nuraghe_soc_1/inst/dmac_wrap_i/mchan_i/trans_unit_i/trans_buffers_tcdm_i/rx_buffer[0].rx_buffer_i/FIFO_REGISTERS_reg[0][32]) that has an active asychronous set or reset. This may cause corruption of the memory contents and/or read values when the set/reset is asserted and is not analyzed by the default static timing analysis. It is suggested to eliminate the use of a set/reset to registers driving this RAMB pin or else use a synchronous reset in which the assertion of the reset is timed by default.
Related violations: <none>

REQP-1840#13 Warning
RAMB18 async control check  
The RAMB18E1 base_zynq_design_i/nuraghe_soc_1/inst/tcdm_sram_island/bram_bank_gen[0].(null)[0].tcdm_bank_i_x/U0/inst_blk_mem_gen/gnbram.gnativebmg.native_blk_mem_gen/valid.cstr/ramloop[0].ram.r/prim_noinit.ram/DEVICE_7SERIES.NO_BMM_INFO.SDP.SIMPLE_PRIM18.ram has an input control pin base_zynq_design_i/nuraghe_soc_1/inst/tcdm_sram_island/bram_bank_gen[0].(null)[0].tcdm_bank_i_x/U0/inst_blk_mem_gen/gnbram.gnativebmg.native_blk_mem_gen/valid.cstr/ramloop[0].ram.r/prim_noinit.ram/DEVICE_7SERIES.NO_BMM_INFO.SDP.SIMPLE_PRIM18.ram/ADDRARDADDR[13] (net: base_zynq_design_i/nuraghe_soc_1/inst/tcdm_sram_island/bram_bank_gen[0].(null)[0].tcdm_bank_i_x/U0/inst_blk_mem_gen/gnbram.gnativebmg.native_blk_mem_gen/valid.cstr/ramloop[0].ram.r/prim_noinit.ram/addra[9]) which is driven by a register (base_zynq_design_i/nuraghe_soc_1/inst/dmac_wrap_i/mchan_i/trans_unit_i/trans_buffers_tcdm_i/rx_buffer[0].rx_buffer_i/FIFO_REGISTERS_reg[0][33]) that has an active asychronous set or reset. This may cause corruption of the memory contents and/or read values when the set/reset is asserted and is not analyzed by the default static timing analysis. It is suggested to eliminate the use of a set/reset to registers driving this RAMB pin or else use a synchronous reset in which the assertion of the reset is timed by default.
Related violations: <none>

REQP-1840#14 Warning
RAMB18 async control check  
The RAMB18E1 base_zynq_design_i/nuraghe_soc_1/inst/tcdm_sram_island/bram_bank_gen[0].(null)[0].tcdm_bank_i_x/U0/inst_blk_mem_gen/gnbram.gnativebmg.native_blk_mem_gen/valid.cstr/ramloop[0].ram.r/prim_noinit.ram/DEVICE_7SERIES.NO_BMM_INFO.SDP.SIMPLE_PRIM18.ram has an input control pin base_zynq_design_i/nuraghe_soc_1/inst/tcdm_sram_island/bram_bank_gen[0].(null)[0].tcdm_bank_i_x/U0/inst_blk_mem_gen/gnbram.gnativebmg.native_blk_mem_gen/valid.cstr/ramloop[0].ram.r/prim_noinit.ram/DEVICE_7SERIES.NO_BMM_INFO.SDP.SIMPLE_PRIM18.ram/ADDRARDADDR[13] (net: base_zynq_design_i/nuraghe_soc_1/inst/tcdm_sram_island/bram_bank_gen[0].(null)[0].tcdm_bank_i_x/U0/inst_blk_mem_gen/gnbram.gnativebmg.native_blk_mem_gen/valid.cstr/ramloop[0].ram.r/prim_noinit.ram/addra[9]) which is driven by a register (base_zynq_design_i/nuraghe_soc_1/inst/dmac_wrap_i/mchan_i/trans_unit_i/trans_buffers_tcdm_i/rx_buffer[0].rx_buffer_i/FIFO_REGISTERS_reg[0][34]) that has an active asychronous set or reset. This may cause corruption of the memory contents and/or read values when the set/reset is asserted and is not analyzed by the default static timing analysis. It is suggested to eliminate the use of a set/reset to registers driving this RAMB pin or else use a synchronous reset in which the assertion of the reset is timed by default.
Related violations: <none>

REQP-1840#15 Warning
RAMB18 async control check  
The RAMB18E1 base_zynq_design_i/nuraghe_soc_1/inst/tcdm_sram_island/bram_bank_gen[0].(null)[0].tcdm_bank_i_x/U0/inst_blk_mem_gen/gnbram.gnativebmg.native_blk_mem_gen/valid.cstr/ramloop[0].ram.r/prim_noinit.ram/DEVICE_7SERIES.NO_BMM_INFO.SDP.SIMPLE_PRIM18.ram has an input control pin base_zynq_design_i/nuraghe_soc_1/inst/tcdm_sram_island/bram_bank_gen[0].(null)[0].tcdm_bank_i_x/U0/inst_blk_mem_gen/gnbram.gnativebmg.native_blk_mem_gen/valid.cstr/ramloop[0].ram.r/prim_noinit.ram/DEVICE_7SERIES.NO_BMM_INFO.SDP.SIMPLE_PRIM18.ram/ADDRARDADDR[13] (net: base_zynq_design_i/nuraghe_soc_1/inst/tcdm_sram_island/bram_bank_gen[0].(null)[0].tcdm_bank_i_x/U0/inst_blk_mem_gen/gnbram.gnativebmg.native_blk_mem_gen/valid.cstr/ramloop[0].ram.r/prim_noinit.ram/addra[9]) which is driven by a register (base_zynq_design_i/nuraghe_soc_1/inst/dmac_wrap_i/mchan_i/trans_unit_i/trans_buffers_tcdm_i/rx_buffer[0].rx_buffer_i/FIFO_REGISTERS_reg[0][35]) that has an active asychronous set or reset. This may cause corruption of the memory contents and/or read values when the set/reset is asserted and is not analyzed by the default static timing analysis. It is suggested to eliminate the use of a set/reset to registers driving this RAMB pin or else use a synchronous reset in which the assertion of the reset is timed by default.
Related violations: <none>

REQP-1840#16 Warning
RAMB18 async control check  
The RAMB18E1 base_zynq_design_i/nuraghe_soc_1/inst/tcdm_sram_island/bram_bank_gen[0].(null)[0].tcdm_bank_i_x/U0/inst_blk_mem_gen/gnbram.gnativebmg.native_blk_mem_gen/valid.cstr/ramloop[0].ram.r/prim_noinit.ram/DEVICE_7SERIES.NO_BMM_INFO.SDP.SIMPLE_PRIM18.ram has an input control pin base_zynq_design_i/nuraghe_soc_1/inst/tcdm_sram_island/bram_bank_gen[0].(null)[0].tcdm_bank_i_x/U0/inst_blk_mem_gen/gnbram.gnativebmg.native_blk_mem_gen/valid.cstr/ramloop[0].ram.r/prim_noinit.ram/DEVICE_7SERIES.NO_BMM_INFO.SDP.SIMPLE_PRIM18.ram/ADDRARDADDR[13] (net: base_zynq_design_i/nuraghe_soc_1/inst/tcdm_sram_island/bram_bank_gen[0].(null)[0].tcdm_bank_i_x/U0/inst_blk_mem_gen/gnbram.gnativebmg.native_blk_mem_gen/valid.cstr/ramloop[0].ram.r/prim_noinit.ram/addra[9]) which is driven by a register (base_zynq_design_i/nuraghe_soc_1/inst/dmac_wrap_i/mchan_i/trans_unit_i/trans_buffers_tcdm_i/rx_buffer[0].rx_buffer_i/FIFO_REGISTERS_reg[1][32]) that has an active asychronous set or reset. This may cause corruption of the memory contents and/or read values when the set/reset is asserted and is not analyzed by the default static timing analysis. It is suggested to eliminate the use of a set/reset to registers driving this RAMB pin or else use a synchronous reset in which the assertion of the reset is timed by default.
Related violations: <none>

REQP-1840#17 Warning
RAMB18 async control check  
The RAMB18E1 base_zynq_design_i/nuraghe_soc_1/inst/tcdm_sram_island/bram_bank_gen[0].(null)[0].tcdm_bank_i_x/U0/inst_blk_mem_gen/gnbram.gnativebmg.native_blk_mem_gen/valid.cstr/ramloop[0].ram.r/prim_noinit.ram/DEVICE_7SERIES.NO_BMM_INFO.SDP.SIMPLE_PRIM18.ram has an input control pin base_zynq_design_i/nuraghe_soc_1/inst/tcdm_sram_island/bram_bank_gen[0].(null)[0].tcdm_bank_i_x/U0/inst_blk_mem_gen/gnbram.gnativebmg.native_blk_mem_gen/valid.cstr/ramloop[0].ram.r/prim_noinit.ram/DEVICE_7SERIES.NO_BMM_INFO.SDP.SIMPLE_PRIM18.ram/ADDRARDADDR[13] (net: base_zynq_design_i/nuraghe_soc_1/inst/tcdm_sram_island/bram_bank_gen[0].(null)[0].tcdm_bank_i_x/U0/inst_blk_mem_gen/gnbram.gnativebmg.native_blk_mem_gen/valid.cstr/ramloop[0].ram.r/prim_noinit.ram/addra[9]) which is driven by a register (base_zynq_design_i/nuraghe_soc_1/inst/dmac_wrap_i/mchan_i/trans_unit_i/trans_buffers_tcdm_i/rx_buffer[0].rx_buffer_i/FIFO_REGISTERS_reg[1][33]) that has an active asychronous set or reset. This may cause corruption of the memory contents and/or read values when the set/reset is asserted and is not analyzed by the default static timing analysis. It is suggested to eliminate the use of a set/reset to registers driving this RAMB pin or else use a synchronous reset in which the assertion of the reset is timed by default.
Related violations: <none>

REQP-1840#18 Warning
RAMB18 async control check  
The RAMB18E1 base_zynq_design_i/nuraghe_soc_1/inst/tcdm_sram_island/bram_bank_gen[0].(null)[0].tcdm_bank_i_x/U0/inst_blk_mem_gen/gnbram.gnativebmg.native_blk_mem_gen/valid.cstr/ramloop[0].ram.r/prim_noinit.ram/DEVICE_7SERIES.NO_BMM_INFO.SDP.SIMPLE_PRIM18.ram has an input control pin base_zynq_design_i/nuraghe_soc_1/inst/tcdm_sram_island/bram_bank_gen[0].(null)[0].tcdm_bank_i_x/U0/inst_blk_mem_gen/gnbram.gnativebmg.native_blk_mem_gen/valid.cstr/ramloop[0].ram.r/prim_noinit.ram/DEVICE_7SERIES.NO_BMM_INFO.SDP.SIMPLE_PRIM18.ram/ADDRARDADDR[13] (net: base_zynq_design_i/nuraghe_soc_1/inst/tcdm_sram_island/bram_bank_gen[0].(null)[0].tcdm_bank_i_x/U0/inst_blk_mem_gen/gnbram.gnativebmg.native_blk_mem_gen/valid.cstr/ramloop[0].ram.r/prim_noinit.ram/addra[9]) which is driven by a register (base_zynq_design_i/nuraghe_soc_1/inst/dmac_wrap_i/mchan_i/trans_unit_i/trans_buffers_tcdm_i/rx_buffer[0].rx_buffer_i/FIFO_REGISTERS_reg[1][34]) that has an active asychronous set or reset. This may cause corruption of the memory contents and/or read values when the set/reset is asserted and is not analyzed by the default static timing analysis. It is suggested to eliminate the use of a set/reset to registers driving this RAMB pin or else use a synchronous reset in which the assertion of the reset is timed by default.
Related violations: <none>

REQP-1840#19 Warning
RAMB18 async control check  
The RAMB18E1 base_zynq_design_i/nuraghe_soc_1/inst/tcdm_sram_island/bram_bank_gen[0].(null)[0].tcdm_bank_i_x/U0/inst_blk_mem_gen/gnbram.gnativebmg.native_blk_mem_gen/valid.cstr/ramloop[0].ram.r/prim_noinit.ram/DEVICE_7SERIES.NO_BMM_INFO.SDP.SIMPLE_PRIM18.ram has an input control pin base_zynq_design_i/nuraghe_soc_1/inst/tcdm_sram_island/bram_bank_gen[0].(null)[0].tcdm_bank_i_x/U0/inst_blk_mem_gen/gnbram.gnativebmg.native_blk_mem_gen/valid.cstr/ramloop[0].ram.r/prim_noinit.ram/DEVICE_7SERIES.NO_BMM_INFO.SDP.SIMPLE_PRIM18.ram/ADDRARDADDR[13] (net: base_zynq_design_i/nuraghe_soc_1/inst/tcdm_sram_island/bram_bank_gen[0].(null)[0].tcdm_bank_i_x/U0/inst_blk_mem_gen/gnbram.gnativebmg.native_blk_mem_gen/valid.cstr/ramloop[0].ram.r/prim_noinit.ram/addra[9]) which is driven by a register (base_zynq_design_i/nuraghe_soc_1/inst/dmac_wrap_i/mchan_i/trans_unit_i/trans_buffers_tcdm_i/rx_buffer[0].rx_buffer_i/FIFO_REGISTERS_reg[1][35]) that has an active asychronous set or reset. This may cause corruption of the memory contents and/or read values when the set/reset is asserted and is not analyzed by the default static timing analysis. It is suggested to eliminate the use of a set/reset to registers driving this RAMB pin or else use a synchronous reset in which the assertion of the reset is timed by default.
Related violations: <none>

REQP-1840#20 Warning
RAMB18 async control check  
The RAMB18E1 base_zynq_design_i/nuraghe_soc_1/inst/tcdm_sram_island/bram_bank_gen[0].(null)[0].tcdm_bank_i_x/U0/inst_blk_mem_gen/gnbram.gnativebmg.native_blk_mem_gen/valid.cstr/ramloop[0].ram.r/prim_noinit.ram/DEVICE_7SERIES.NO_BMM_INFO.SDP.SIMPLE_PRIM18.ram has an input control pin base_zynq_design_i/nuraghe_soc_1/inst/tcdm_sram_island/bram_bank_gen[0].(null)[0].tcdm_bank_i_x/U0/inst_blk_mem_gen/gnbram.gnativebmg.native_blk_mem_gen/valid.cstr/ramloop[0].ram.r/prim_noinit.ram/DEVICE_7SERIES.NO_BMM_INFO.SDP.SIMPLE_PRIM18.ram/ADDRARDADDR[13] (net: base_zynq_design_i/nuraghe_soc_1/inst/tcdm_sram_island/bram_bank_gen[0].(null)[0].tcdm_bank_i_x/U0/inst_blk_mem_gen/gnbram.gnativebmg.native_blk_mem_gen/valid.cstr/ramloop[0].ram.r/prim_noinit.ram/addra[9]) which is driven by a register (base_zynq_design_i/nuraghe_soc_1/inst/dmac_wrap_i/mchan_i/trans_unit_i/trans_buffers_tcdm_i/rx_buffer[0].rx_buffer_i/Pop_Pointer_CS_reg[0]_rep) that has an active asychronous set or reset. This may cause corruption of the memory contents and/or read values when the set/reset is asserted and is not analyzed by the default static timing analysis. It is suggested to eliminate the use of a set/reset to registers driving this RAMB pin or else use a synchronous reset in which the assertion of the reset is timed by default.
Related violations: <none>


